This is XeTeX, Version 3.141592653-2.6-0.999998 (TeX Live 2026) (preloaded format=xelatex 2026.5.27)  22 JUN 2026 08:42
entering extended mode
 restricted \write18 enabled.
 %&-line parsing enabled.
**book.tex
(./book.tex
LaTeX2e <2025-11-01>
L3 programming layer <2026-03-20>
(/usr/share/texlive/texmf-dist/tex/latex/base/book.cls
Document Class: book 2025/01/22 v1.4n Standard LaTeX document class
(/usr/share/texlive/texmf-dist/tex/latex/base/bk10.clo
File: bk10.clo 2025/01/22 v1.4n Standard LaTeX file (size option)
)
\c@part=\count271
\c@chapter=\count272
\c@section=\count273
\c@subsection=\count274
\c@subsubsection=\count275
\c@paragraph=\count276
\c@subparagraph=\count277
\c@figure=\count278
\c@table=\count279
\abovecaptionskip=\skip49
\belowcaptionskip=\skip50
\bibindent=\dimen150
)
(/usr/share/texlive/texmf-dist/tex/latex/xcolor/xcolor.sty
Package: xcolor 2024/09/29 v3.02 LaTeX color extensions (UK)

(/usr/share/texlive/texmf-dist/tex/latex/graphics-cfg/color.cfg
File: color.cfg 2016/01/02 v1.6 sample color configuration
)
Package xcolor Info: Driver file: xetex.def on input line 274.

(/usr/share/texlive/texmf-dist/tex/latex/graphics-def/xetex.def
File: xetex.def 2025/11/01 v5.0p Graphics/color driver for xetex
)
(/usr/share/texlive/texmf-dist/tex/latex/graphics/mathcolor.ltx)
Package xcolor Info: Model `cmy' substituted by `cmy0' on input line 1349.
Package xcolor Info: Model `RGB' extended on input line 1365.
Package xcolor Info: Model `HTML' substituted by `rgb' on input line 1367.
Package xcolor Info: Model `Hsb' substituted by `hsb' on input line 1368.
Package xcolor Info: Model `tHsb' substituted by `hsb' on input line 1369.
Package xcolor Info: Model `HSB' substituted by `hsb' on input line 1370.
Package xcolor Info: Model `Gray' substituted by `gray' on input line 1371.
Package xcolor Info: Model `wave' substituted by `hsb' on input line 1372.
)
(/usr/share/texlive/texmf-dist/tex/latex/amsmath/amsmath.sty
Package: amsmath 2025/07/09 v2.17z AMS math features
\@mathmargin=\skip51

For additional information on amsmath, use the `?' option.
(/usr/share/texlive/texmf-dist/tex/latex/amsmath/amstext.sty
Package: amstext 2024/11/17 v2.01 AMS text

(/usr/share/texlive/texmf-dist/tex/latex/amsmath/amsgen.sty
File: amsgen.sty 1999/11/30 v2.0 generic functions
\@emptytoks=\toks17
\ex@=\dimen151
))
(/usr/share/texlive/texmf-dist/tex/latex/amsmath/amsbsy.sty
Package: amsbsy 1999/11/29 v1.2d Bold Symbols
\pmbraise@=\dimen152
)
(/usr/share/texlive/texmf-dist/tex/latex/amsmath/amsopn.sty
Package: amsopn 2022/04/08 v2.04 operator names
)
\inf@bad=\count280
LaTeX Info: Redefining \frac on input line 233.
\uproot@=\count281
\leftroot@=\count282
LaTeX Info: Redefining \overline on input line 398.
LaTeX Info: Redefining \colon on input line 409.
\classnum@=\count283
\DOTSCASE@=\count284
LaTeX Info: Redefining \ldots on input line 495.
LaTeX Info: Redefining \dots on input line 498.
LaTeX Info: Redefining \cdots on input line 619.
\Mathstrutbox@=\box53
\strutbox@=\box54
LaTeX Info: Redefining \big on input line 721.
LaTeX Info: Redefining \Big on input line 722.
LaTeX Info: Redefining \bigg on input line 723.
LaTeX Info: Redefining \Bigg on input line 724.
\big@size=\dimen153
LaTeX Font Info:    Redeclaring font encoding OML on input line 742.
LaTeX Font Info:    Redeclaring font encoding OMS on input line 743.
\macc@depth=\count285
LaTeX Info: Redefining \bmod on input line 904.
LaTeX Info: Redefining \pmod on input line 909.
LaTeX Info: Redefining \smash on input line 939.
LaTeX Info: Redefining \relbar on input line 969.
LaTeX Info: Redefining \Relbar on input line 970.
\c@MaxMatrixCols=\count286
\dotsspace@=\muskip17
\c@parentequation=\count287
\dspbrk@lvl=\count288
\tag@help=\toks18
\row@=\count289
\column@=\count290
\maxfields@=\count291
\andhelp@=\toks19
\eqnshift@=\dimen154
\alignsep@=\dimen155
\tagshift@=\dimen156
\tagwidth@=\dimen157
\totwidth@=\dimen158
\lineht@=\dimen159
\@envbody=\toks20
\multlinegap=\skip52
\multlinetaggap=\skip53
\mathdisplay@stack=\toks21
LaTeX Info: Redefining \[ on input line 2950.
LaTeX Info: Redefining \] on input line 2951.
)
(/usr/share/texlive/texmf-dist/tex/latex/amsfonts/amssymb.sty
Package: amssymb 2013/01/14 v3.01 AMS font symbols

(/usr/share/texlive/texmf-dist/tex/latex/amsfonts/amsfonts.sty
Package: amsfonts 2013/01/14 v3.01 Basic AMSFonts support
\symAMSa=\mathgroup4
\symAMSb=\mathgroup5
LaTeX Font Info:    Redeclaring math symbol \hbar on input line 98.
LaTeX Font Info:    Overwriting math alphabet `\mathfrak' in version `bold'
(Font)                  U/euf/m/n --> U/euf/b/n on input line 106.
))
(/usr/share/texlive/texmf-dist/tex/generic/iftex/iftex.sty
Package: iftex 2024/12/12 v1.0g TeX engine tests
)
(/usr/share/texlive/texmf-dist/tex/latex/unicode-math/unicode-math.sty
(/usr/share/texlive/texmf-dist/tex/latex/l3kernel/expl3.sty
Package: expl3 2026-03-20 L3 programming layer (loader) 

(/usr/share/texlive/texmf-dist/tex/latex/l3backend/l3backend-xetex.def
File: l3backend-xetex.def 2026-02-18 L3 backend support: XeTeX
\g__graphics_track_int=\count292
\g__pdfannot_backend_int=\count293
\g__pdfannot_backend_link_int=\count294
))
Package: unicode-math 2023/08/13 v0.8r Unicode maths in XeLaTeX and LuaLaTeX

(/usr/share/texlive/texmf-dist/tex/latex/unicode-math/unicode-math-xetex.sty
Package: unicode-math-xetex 2023/08/13 v0.8r Unicode maths in XeLaTeX and LuaLa
TeX

(/usr/share/texlive/texmf-dist/tex/latex/l3packages/xparse/xparse.sty
Package: xparse 2025-10-09 L3 Experimental document command parser
)
(/usr/share/texlive/texmf-dist/tex/latex/l3packages/l3keys2e/l3keys2e.sty
Package: l3keys2e 2025-10-09 LaTeX2e option processing using LaTeX3 keys
)
(/usr/share/texlive/texmf-dist/tex/latex/fontspec/fontspec.sty
Package: fontspec 2025/09/29 v2.9g Font selection for XeLaTeX and LuaLaTeX

(/usr/share/texlive/texmf-dist/tex/latex/fontspec/fontspec-xetex.sty
Package: fontspec-xetex 2025/09/29 v2.9g Font selection for XeLaTeX and LuaLaTe
X
\l__fontspec_script_int=\count295
\l__fontspec_language_int=\count296
\l__fontspec_strnum_int=\count297
\l__fontspec_tmp_int=\count298
\l__fontspec_tmpa_int=\count299
\l__fontspec_tmpb_int=\count300
\l__fontspec_tmpc_int=\count301
\l__fontspec_em_int=\count302
\l__fontspec_emdef_int=\count303
\l__fontspec_strong_int=\count304
\l__fontspec_strongdef_int=\count305
\l__fontspec_tmpa_dim=\dimen160
\l__fontspec_tmpb_dim=\dimen161
\l__fontspec_tmpc_dim=\dimen162

(/usr/share/texlive/texmf-dist/tex/latex/base/fontenc.sty
Package: fontenc 2025/07/18 v2.1d Standard LaTeX package
)
(/usr/share/texlive/texmf-dist/tex/latex/fontspec/fontspec.cfg)))
(/usr/share/texlive/texmf-dist/tex/latex/base/fix-cm.sty
Package: fix-cm 2020/11/24 v1.1t fixes to LaTeX

(/usr/share/texlive/texmf-dist/tex/latex/base/ts1enc.def
File: ts1enc.def 2001/06/05 v3.0e (jk/car/fm) Standard LaTeX file
LaTeX Font Info:    Redeclaring font encoding TS1 on input line 47.
LaTeX Encoding Info:    Redeclaring text command \capitalcedilla (encoding TS1)
 on input line 49.
LaTeX Encoding Info:    Redeclaring text command \capitalogonek (encoding TS1) 
on input line 52.
LaTeX Encoding Info:    Redeclaring text command \capitalgrave (encoding TS1) o
n input line 55.
LaTeX Encoding Info:    Redeclaring text command \capitalacute (encoding TS1) o
n input line 56.
LaTeX Encoding Info:    Redeclaring text command \capitalcircumflex (encoding T
S1) on input line 57.
LaTeX Encoding Info:    Redeclaring text command \capitaltilde (encoding TS1) o
n input line 58.
LaTeX Encoding Info:    Redeclaring text command \capitaldieresis (encoding TS1
) on input line 59.
LaTeX Encoding Info:    Redeclaring text command \capitalhungarumlaut (encoding
 TS1) on input line 60.
LaTeX Encoding Info:    Redeclaring text command \capitalring (encoding TS1) on
 input line 61.
LaTeX Encoding Info:    Redeclaring text command \capitalcaron (encoding TS1) o
n input line 62.
LaTeX Encoding Info:    Redeclaring text command \capitalbreve (encoding TS1) o
n input line 63.
LaTeX Encoding Info:    Redeclaring text command \capitalmacron (encoding TS1) 
on input line 64.
LaTeX Encoding Info:    Redeclaring text command \capitaldotaccent (encoding TS
1) on input line 65.
LaTeX Encoding Info:    Redeclaring text command \t (encoding TS1) on input lin
e 66.
LaTeX Encoding Info:    Redeclaring text command \capitaltie (encoding TS1) on 
input line 67.
LaTeX Encoding Info:    Redeclaring text command \newtie (encoding TS1) on inpu
t line 68.
LaTeX Encoding Info:    Redeclaring text command \capitalnewtie (encoding TS1) 
on input line 69.
LaTeX Encoding Info:    Redeclaring text symbol \textcapitalcompwordmark (encod
ing TS1) on input line 70.
LaTeX Encoding Info:    Redeclaring text symbol \textascendercompwordmark (enco
ding TS1) on input line 71.
LaTeX Encoding Info:    Redeclaring text symbol \textquotestraightbase (encodin
g TS1) on input line 72.
LaTeX Encoding Info:    Redeclaring text symbol \textquotestraightdblbase (enco
ding TS1) on input line 73.
LaTeX Encoding Info:    Redeclaring text symbol \texttwelveudash (encoding TS1)
 on input line 74.
LaTeX Encoding Info:    Redeclaring text symbol \textthreequartersemdash (encod
ing TS1) on input line 75.
LaTeX Encoding Info:    Redeclaring text symbol \textleftarrow (encoding TS1) o
n input line 76.
LaTeX Encoding Info:    Redeclaring text symbol \textrightarrow (encoding TS1) 
on input line 77.
LaTeX Encoding Info:    Redeclaring text symbol \textblank (encoding TS1) on in
put line 78.
LaTeX Encoding Info:    Redeclaring text symbol \textdollar (encoding TS1) on i
nput line 79.
LaTeX Encoding Info:    Redeclaring text symbol \textquotesingle (encoding TS1)
 on input line 80.
LaTeX Encoding Info:    Redeclaring text command \textasteriskcentered (encodin
g TS1) on input line 81.
LaTeX Encoding Info:    Redeclaring text symbol \textdblhyphen (encoding TS1) o
n input line 92.
LaTeX Encoding Info:    Redeclaring text symbol \textfractionsolidus (encoding 
TS1) on input line 93.
LaTeX Encoding Info:    Redeclaring text symbol \textzerooldstyle (encoding TS1
) on input line 94.
LaTeX Encoding Info:    Redeclaring text symbol \textoneoldstyle (encoding TS1)
 on input line 95.
LaTeX Encoding Info:    Redeclaring text symbol \texttwooldstyle (encoding TS1)
 on input line 96.
LaTeX Encoding Info:    Redeclaring text symbol \textthreeoldstyle (encoding TS
1) on input line 97.
LaTeX Encoding Info:    Redeclaring text symbol \textfouroldstyle (encoding TS1
) on input line 98.
LaTeX Encoding Info:    Redeclaring text symbol \textfiveoldstyle (encoding TS1
) on input line 99.
LaTeX Encoding Info:    Redeclaring text symbol \textsixoldstyle (encoding TS1)
 on input line 100.
LaTeX Encoding Info:    Redeclaring text symbol \textsevenoldstyle (encoding TS
1) on input line 101.
LaTeX Encoding Info:    Redeclaring text symbol \texteightoldstyle (encoding TS
1) on input line 102.
LaTeX Encoding Info:    Redeclaring text symbol \textnineoldstyle (encoding TS1
) on input line 103.
LaTeX Encoding Info:    Redeclaring text symbol \textlangle (encoding TS1) on i
nput line 104.
LaTeX Encoding Info:    Redeclaring text symbol \textminus (encoding TS1) on in
put line 105.
LaTeX Encoding Info:    Redeclaring text symbol \textrangle (encoding TS1) on i
nput line 106.
LaTeX Encoding Info:    Redeclaring text symbol \textmho (encoding TS1) on inpu
t line 107.
LaTeX Encoding Info:    Redeclaring text symbol \textbigcircle (encoding TS1) o
n input line 108.
LaTeX Encoding Info:    Redeclaring text command \textcircled (encoding TS1) on
 input line 109.
LaTeX Encoding Info:    Redeclaring text symbol \textohm (encoding TS1) on inpu
t line 115.
LaTeX Encoding Info:    Redeclaring text symbol \textlbrackdbl (encoding TS1) o
n input line 116.
LaTeX Encoding Info:    Redeclaring text symbol \textrbrackdbl (encoding TS1) o
n input line 117.
LaTeX Encoding Info:    Redeclaring text symbol \textuparrow (encoding TS1) on 
input line 118.
LaTeX Encoding Info:    Redeclaring text symbol \textdownarrow (encoding TS1) o
n input line 119.
LaTeX Encoding Info:    Redeclaring text symbol \textasciigrave (encoding TS1) 
on input line 120.
LaTeX Encoding Info:    Redeclaring text symbol \textborn (encoding TS1) on inp
ut line 121.
LaTeX Encoding Info:    Redeclaring text symbol \textdivorced (encoding TS1) on
 input line 122.
LaTeX Encoding Info:    Redeclaring text symbol \textdied (encoding TS1) on inp
ut line 123.
LaTeX Encoding Info:    Redeclaring text symbol \textleaf (encoding TS1) on inp
ut line 124.
LaTeX Encoding Info:    Redeclaring text symbol \textmarried (encoding TS1) on 
input line 125.
LaTeX Encoding Info:    Redeclaring text symbol \textmusicalnote (encoding TS1)
 on input line 126.
LaTeX Encoding Info:    Redeclaring text symbol \texttildelow (encoding TS1) on
 input line 127.
LaTeX Encoding Info:    Redeclaring text symbol \textdblhyphenchar (encoding TS
1) on input line 128.
LaTeX Encoding Info:    Redeclaring text symbol \textasciibreve (encoding TS1) 
on input line 129.
LaTeX Encoding Info:    Redeclaring text symbol \textasciicaron (encoding TS1) 
on input line 130.
LaTeX Encoding Info:    Redeclaring text symbol \textacutedbl (encoding TS1) on
 input line 131.
LaTeX Encoding Info:    Redeclaring text symbol \textgravedbl (encoding TS1) on
 input line 132.
LaTeX Encoding Info:    Redeclaring text symbol \textdagger (encoding TS1) on i
nput line 133.
LaTeX Encoding Info:    Redeclaring text symbol \textdaggerdbl (encoding TS1) o
n input line 134.
LaTeX Encoding Info:    Redeclaring text symbol \textbardbl (encoding TS1) on i
nput line 135.
LaTeX Encoding Info:    Redeclaring text symbol \textperthousand (encoding TS1)
 on input line 136.
LaTeX Encoding Info:    Redeclaring text symbol \textbullet (encoding TS1) on i
nput line 137.
LaTeX Encoding Info:    Redeclaring text symbol \textcelsius (encoding TS1) on 
input line 138.
LaTeX Encoding Info:    Redeclaring text symbol \textdollaroldstyle (encoding T
S1) on input line 139.
LaTeX Encoding Info:    Redeclaring text symbol \textcentoldstyle (encoding TS1
) on input line 140.
LaTeX Encoding Info:    Redeclaring text symbol \textflorin (encoding TS1) on i
nput line 141.
LaTeX Encoding Info:    Redeclaring text symbol \textcolonmonetary (encoding TS
1) on input line 142.
LaTeX Encoding Info:    Redeclaring text symbol \textwon (encoding TS1) on inpu
t line 143.
LaTeX Encoding Info:    Redeclaring text symbol \textnaira (encoding TS1) on in
put line 144.
LaTeX Encoding Info:    Redeclaring text symbol \textguarani (encoding TS1) on 
input line 145.
LaTeX Encoding Info:    Redeclaring text symbol \textpeso (encoding TS1) on inp
ut line 146.
LaTeX Encoding Info:    Redeclaring text symbol \textlira (encoding TS1) on inp
ut line 147.
LaTeX Encoding Info:    Redeclaring text symbol \textrecipe (encoding TS1) on i
nput line 148.
LaTeX Encoding Info:    Redeclaring text symbol \textinterrobang (encoding TS1)
 on input line 149.
LaTeX Encoding Info:    Redeclaring text symbol \textinterrobangdown (encoding 
TS1) on input line 150.
LaTeX Encoding Info:    Redeclaring text symbol \textdong (encoding TS1) on inp
ut line 151.
LaTeX Encoding Info:    Redeclaring text symbol \texttrademark (encoding TS1) o
n input line 152.
LaTeX Encoding Info:    Redeclaring text symbol \textpertenthousand (encoding T
S1) on input line 153.
LaTeX Encoding Info:    Redeclaring text symbol \textpilcrow (encoding TS1) on 
input line 154.
LaTeX Encoding Info:    Redeclaring text symbol \textbaht (encoding TS1) on inp
ut line 155.
LaTeX Encoding Info:    Redeclaring text symbol \textnumero (encoding TS1) on i
nput line 156.
LaTeX Encoding Info:    Redeclaring text symbol \textdiscount (encoding TS1) on
 input line 157.
LaTeX Encoding Info:    Redeclaring text symbol \textestimated (encoding TS1) o
n input line 158.
LaTeX Encoding Info:    Redeclaring text symbol \textopenbullet (encoding TS1) 
on input line 159.
LaTeX Encoding Info:    Redeclaring text symbol \textservicemark (encoding TS1)
 on input line 160.
LaTeX Encoding Info:    Redeclaring text symbol \textlquill (encoding TS1) on i
nput line 161.
LaTeX Encoding Info:    Redeclaring text symbol \textrquill (encoding TS1) on i
nput line 162.
LaTeX Encoding Info:    Redeclaring text symbol \textcent (encoding TS1) on inp
ut line 163.
LaTeX Encoding Info:    Redeclaring text symbol \textsterling (encoding TS1) on
 input line 164.
LaTeX Encoding Info:    Redeclaring text symbol \textcurrency (encoding TS1) on
 input line 165.
LaTeX Encoding Info:    Redeclaring text symbol \textyen (encoding TS1) on inpu
t line 166.
LaTeX Encoding Info:    Redeclaring text symbol \textbrokenbar (encoding TS1) o
n input line 167.
LaTeX Encoding Info:    Redeclaring text symbol \textsection (encoding TS1) on 
input line 168.
LaTeX Encoding Info:    Redeclaring text symbol \textasciidieresis (encoding TS
1) on input line 169.
LaTeX Encoding Info:    Redeclaring text symbol \textcopyright (encoding TS1) o
n input line 170.
LaTeX Encoding Info:    Redeclaring text symbol \textordfeminine (encoding TS1)
 on input line 171.
LaTeX Encoding Info:    Redeclaring text symbol \textcopyleft (encoding TS1) on
 input line 172.
LaTeX Encoding Info:    Redeclaring text symbol \textlnot (encoding TS1) on inp
ut line 173.
LaTeX Encoding Info:    Redeclaring text symbol \textcircledP (encoding TS1) on
 input line 174.
LaTeX Encoding Info:    Redeclaring text symbol \textregistered (encoding TS1) 
on input line 175.
LaTeX Encoding Info:    Redeclaring text symbol \textasciimacron (encoding TS1)
 on input line 176.
LaTeX Encoding Info:    Redeclaring text symbol \textdegree (encoding TS1) on i
nput line 177.
LaTeX Encoding Info:    Redeclaring text symbol \textpm (encoding TS1) on input
 line 178.
LaTeX Encoding Info:    Redeclaring text symbol \texttwosuperior (encoding TS1)
 on input line 179.
LaTeX Encoding Info:    Redeclaring text symbol \textthreesuperior (encoding TS
1) on input line 180.
LaTeX Encoding Info:    Redeclaring text symbol \textasciiacute (encoding TS1) 
on input line 181.
LaTeX Encoding Info:    Redeclaring text symbol \textmu (encoding TS1) on input
 line 182.
LaTeX Encoding Info:    Redeclaring text symbol \textparagraph (encoding TS1) o
n input line 183.
LaTeX Encoding Info:    Redeclaring text symbol \textperiodcentered (encoding T
S1) on input line 184.
LaTeX Encoding Info:    Redeclaring text symbol \textreferencemark (encoding TS
1) on input line 185.
LaTeX Encoding Info:    Redeclaring text symbol \textonesuperior (encoding TS1)
 on input line 186.
LaTeX Encoding Info:    Redeclaring text symbol \textordmasculine (encoding TS1
) on input line 187.
LaTeX Encoding Info:    Redeclaring text symbol \textsurd (encoding TS1) on inp
ut line 188.
LaTeX Encoding Info:    Redeclaring text symbol \textonequarter (encoding TS1) 
on input line 189.
LaTeX Encoding Info:    Redeclaring text symbol \textonehalf (encoding TS1) on 
input line 190.
LaTeX Encoding Info:    Redeclaring text symbol \textthreequarters (encoding TS
1) on input line 191.
LaTeX Encoding Info:    Redeclaring text symbol \texteuro (encoding TS1) on inp
ut line 192.
LaTeX Encoding Info:    Redeclaring text symbol \texttimes (encoding TS1) on in
put line 193.
LaTeX Encoding Info:    Redeclaring text symbol \textdiv (encoding TS1) on inpu
t line 194.
))
\g__um_fam_int=\count306
\g__um_fonts_used_int=\count307
\l__um_primecount_int=\count308
\g__um_primekern_muskip=\muskip18

(/usr/share/texlive/texmf-dist/tex/latex/unicode-math/unicode-math-table.tex)))
(/usr/share/texlive/texmf-dist/tex/latex/lm/lmodern.sty
Package: lmodern 2015/05/01 v1.6.1 Latin Modern Fonts
LaTeX Font Info:    Overwriting symbol font `operators' in version `normal'
(Font)                  OT1/cmr/m/n --> OT1/lmr/m/n on input line 22.
LaTeX Font Info:    Overwriting symbol font `letters' in version `normal'
(Font)                  OML/cmm/m/it --> OML/lmm/m/it on input line 23.
LaTeX Font Info:    Overwriting symbol font `symbols' in version `normal'
(Font)                  OMS/cmsy/m/n --> OMS/lmsy/m/n on input line 24.
LaTeX Font Info:    Overwriting symbol font `largesymbols' in version `normal'
(Font)                  OMX/cmex/m/n --> OMX/lmex/m/n on input line 25.
LaTeX Font Info:    Overwriting symbol font `operators' in version `bold'
(Font)                  OT1/cmr/bx/n --> OT1/lmr/bx/n on input line 26.
LaTeX Font Info:    Overwriting symbol font `letters' in version `bold'
(Font)                  OML/cmm/b/it --> OML/lmm/b/it on input line 27.
LaTeX Font Info:    Overwriting symbol font `symbols' in version `bold'
(Font)                  OMS/cmsy/b/n --> OMS/lmsy/b/n on input line 28.
LaTeX Font Info:    Overwriting symbol font `largesymbols' in version `bold'
(Font)                  OMX/cmex/m/n --> OMX/lmex/m/n on input line 29.
LaTeX Font Info:    Overwriting math alphabet `\mathbf' in version `normal'
(Font)                  OT1/cmr/bx/n --> OT1/lmr/bx/n on input line 31.
LaTeX Font Info:    Overwriting math alphabet `\mathsf' in version `normal'
(Font)                  OT1/cmss/m/n --> OT1/lmss/m/n on input line 32.
LaTeX Font Info:    Overwriting math alphabet `\mathit' in version `normal'
(Font)                  OT1/cmr/m/it --> OT1/lmr/m/it on input line 33.
LaTeX Font Info:    Overwriting math alphabet `\mathtt' in version `normal'
(Font)                  OT1/cmtt/m/n --> OT1/lmtt/m/n on input line 34.
LaTeX Font Info:    Overwriting math alphabet `\mathbf' in version `bold'
(Font)                  OT1/cmr/bx/n --> OT1/lmr/bx/n on input line 35.
LaTeX Font Info:    Overwriting math alphabet `\mathsf' in version `bold'
(Font)                  OT1/cmss/bx/n --> OT1/lmss/bx/n on input line 36.
LaTeX Font Info:    Overwriting math alphabet `\mathit' in version `bold'
(Font)                  OT1/cmr/bx/it --> OT1/lmr/bx/it on input line 37.
LaTeX Font Info:    Overwriting math alphabet `\mathtt' in version `bold'
(Font)                  OT1/cmtt/m/n --> OT1/lmtt/m/n on input line 38.
)
(/usr/share/texlive/texmf-dist/tex/latex/upquote/upquote.sty
Package: upquote 2012/04/19 v1.3 upright-quote and grave-accent glyphs in verba
tim

(/usr/share/texlive/texmf-dist/tex/latex/base/textcomp.sty
Package: textcomp 2024/04/24 v2.1b Standard LaTeX package
))
(/usr/share/texlive/texmf-dist/tex/latex/microtype/microtype.sty
Package: microtype 2026/03/01 v3.2d Micro-typographical refinements (RS)

(/usr/share/texlive/texmf-dist/tex/latex/graphics/keyval.sty
Package: keyval 2022/05/29 v1.15 key=value parser (DPC)
\KV@toks@=\toks22
)
(/usr/share/texlive/texmf-dist/tex/latex/etoolbox/etoolbox.sty
Package: etoolbox 2025/10/02 v2.5m e-TeX tools for LaTeX (JAW)
\etb@tempcnta=\count309
)
\MT@toks=\toks23
\MT@tempbox=\box55
\MT@count=\count310
LaTeX Info: Redefining \noprotrusionifhmode on input line 1084.
LaTeX Info: Redefining \leftprotrusion on input line 1085.
\MT@prot@toks=\toks24
LaTeX Info: Redefining \rightprotrusion on input line 1104.
LaTeX Info: Redefining \textls on input line 1449.
\MT@outer@kern=\dimen163
LaTeX Info: Redefining \microtypecontext on input line 2053.
LaTeX Info: Redefining \textmicrotypecontext on input line 2070.
\MT@listname@count=\count311

(/usr/share/texlive/texmf-dist/tex/latex/microtype/microtype-xetex.def
File: microtype-xetex.def 2026/03/01 v3.2d Definitions specific to xetex (RS)
LaTeX Info: Redefining \lsstyle on input line 443.
LaTeX Info: Redefining \lslig on input line 451.
\MT@outer@space=\skip54
)
Package microtype Info: Loading configuration file microtype.cfg.

(/usr/share/texlive/texmf-dist/tex/latex/microtype/microtype.cfg
File: microtype.cfg 2026/03/01 v3.2d microtype main configuration file (RS)
)
LaTeX Info: Redefining \microtypesetup on input line 3065.
)
(/usr/share/texlive/texmf-dist/tex/latex/parskip/parskip.sty
Package: parskip 2021-03-14 v2.0h non-zero parskip adjustments

(/usr/share/texlive/texmf-dist/tex/latex/kvoptions/kvoptions.sty
Package: kvoptions 2022-06-15 v3.15 Key value format for package options (HO)

(/usr/share/texlive/texmf-dist/tex/generic/ltxcmds/ltxcmds.sty
Package: ltxcmds 2023-12-04 v1.26 LaTeX kernel commands for general use (HO)
)
(/usr/share/texlive/texmf-dist/tex/latex/kvsetkeys/kvsetkeys.sty
Package: kvsetkeys 2022-10-05 v1.19 Key value parser (HO)
)))
(/usr/share/texlive/texmf-dist/tex/latex/fancyvrb/fancyvrb.sty
Package: fancyvrb 2026/04/16 4.6a verbatim text (tvz,hv)
\FV@CodeLineNo=\count312
\FV@InFile=\read2
\FV@TabBox=\box56
\c@FancyVerbLine=\count313
\FV@StepNumber=\count314
\FV@OutFile=\write3
)
(/usr/share/texlive/texmf-dist/tex/latex/tools/longtable.sty
Package: longtable 2026-01-28 v4.27 Multi-page Table package (DPC)
\LTleft=\skip55
\LTright=\skip56
\LTpre=\skip57
\LTpost=\skip58
\LTchunksize=\count315
\LTcapwidth=\dimen164
\LT@head=\box57
\LT@firsthead=\box58
\LT@foot=\box59
\LT@lastfoot=\box60
\LT@gbox=\box61
\LT@cols=\count316
\LT@rows=\count317
\c@LT@tables=\count318
\c@LT@chunks=\count319
\LT@p@ftn=\toks25
)
(/usr/share/texlive/texmf-dist/tex/latex/booktabs/booktabs.sty
Package: booktabs 2020/01/12 v1.61803398 Publication quality tables
\heavyrulewidth=\dimen165
\lightrulewidth=\dimen166
\cmidrulewidth=\dimen167
\belowrulesep=\dimen168
\belowbottomsep=\dimen169
\aboverulesep=\dimen170
\abovetopsep=\dimen171
\cmidrulesep=\dimen172
\cmidrulekern=\dimen173
\defaultaddspace=\dimen174
\@cmidla=\count320
\@cmidlb=\count321
\@aboverulesep=\dimen175
\@belowrulesep=\dimen176
\@thisruleclass=\count322
\@lastruleclass=\count323
\@thisrulewidth=\dimen177
)
(/usr/share/texlive/texmf-dist/tex/latex/tools/array.sty

LaTeX Warning: You have requested release `2026/06/01' of LaTeX,
               but only release `2025-11-01' is available.

Package: array 2026/01/25 v2.7a Tabular extension package (FMi)
\col@sep=\dimen178
\ar@mcellbox=\box62
\extrarowheight=\dimen179
\NC@list=\toks26
\extratabsurround=\skip59
\backup@length=\skip60
\ar@cellbox=\box63
) (/usr/share/texlive/texmf-dist/tex/latex/tools/calc.sty
Package: calc 2025/03/01 v4.3b Infix arithmetic (KKT,FJ)
\calc@Acount=\count324
\calc@Bcount=\count325
\calc@Adimen=\dimen180
\calc@Bdimen=\dimen181
\calc@Askip=\skip61
\calc@Bskip=\skip62
LaTeX Info: Redefining \setlength on input line 86.
LaTeX Info: Redefining \addtolength on input line 87.
\calc@Ccount=\count326
\calc@Cskip=\skip63
)
(/usr/share/texlive/texmf-dist/tex/latex/footnotehyper/footnotehyper.sty
Package: footnotehyper 2025/11/15 v1.1f hyperref aware footnote.sty (JFB)
\FNH@notes=\box64
\FNH@width=\dimen182
\FNH@toks=\toks27
)
(/usr/share/texlive/texmf-dist/tex/latex/graphics/graphicx.sty
Package: graphicx 2024/12/31 v1.2e Enhanced LaTeX Graphics (DPC,SPQR)

(/usr/share/texlive/texmf-dist/tex/latex/graphics/graphics.sty
Package: graphics 2024/08/06 v1.4g Standard LaTeX Graphics (DPC,SPQR)

(/usr/share/texlive/texmf-dist/tex/latex/graphics/trig.sty
Package: trig 2023/12/02 v1.11 sin cos tan (DPC)
)
(/usr/share/texlive/texmf-dist/tex/latex/graphics-cfg/graphics.cfg
File: graphics.cfg 2016/06/04 v1.11 sample graphics configuration
)
Package graphics Info: Driver file: xetex.def on input line 106.
)
\Gin@req@height=\dimen183
\Gin@req@width=\dimen184
)
\pandoc@box=\box65

(/usr/share/texlive/texmf-dist/tex/latex/fvextra/fvextra.sty
Package: fvextra 2026/02/25 v1.14.0 fvextra - extensions and patches for fancyv
rb

(/usr/share/texlive/texmf-dist/tex/latex/lineno/lineno.sty
Package: lineno 2026/03/08 line numbers on paragraphs v5.9
\linenopenalty=\count327
\output=\toks28
\linenoprevgraf=\count328
\linenumbersep=\dimen185
\linenumberwidth=\dimen186
\c@linenumber=\count329
\c@pagewiselinenumber=\count330
\c@LN@truepage=\count331
\c@internallinenumber=\count332
\c@internallinenumbers=\count333
\quotelinenumbersep=\dimen187
\bframerule=\dimen188
\bframesep=\dimen189
\bframebox=\box66
\@LN@amsmath@ams@eqpen=\count334
)
\c@FancyVerbWriteLine=\count335
\c@FancyVerbBufferLine=\count336
\c@FV@TrueTabGroupLevel=\count337
\c@FV@TrueTabCounter=\count338
\FV@TabBox@Group=\box67
\FV@bgcolorstructbox=\box68
\FV@TmpLength=\skip64
\c@FV@HighlightLinesStart=\count339
\c@FV@HighlightLinesStop=\count340
\FV@LoopCount=\count341
\FV@NCharsBox=\box69
\FV@BreakIndent=\dimen190
\FV@BreakIndentNChars=\count342
\FV@BreakSymbolSepLeft=\dimen191
\FV@BreakSymbolSepLeftNChars=\count343
\FV@BreakSymbolSepRight=\dimen192
\FV@BreakSymbolSepRightNChars=\count344
\FV@BreakSymbolIndentLeft=\dimen193
\FV@BreakSymbolIndentLeftNChars=\count345
\FV@BreakSymbolIndentRight=\dimen194
\FV@BreakSymbolIndentRightNChars=\count346
\c@FancyVerbLineBreakLast=\count347
\FV@LineBox=\box70
\FV@LineIndentBox=\box71
\c@FV@BreakBufferDepth=\count348
\FV@LineWidth=\dimen195
)
(/usr/share/texlive/texmf-dist/tex/latex/bookmark/bookmark.sty
Package: bookmark 2023-12-10 v1.31 PDF bookmarks (HO)

(/usr/share/texlive/texmf-dist/tex/latex/hyperref/hyperref.sty
Package: hyperref 2026-04-24 v7.01q Hypertext links for LaTeX

(/usr/share/texlive/texmf-dist/tex/generic/kvdefinekeys/kvdefinekeys.sty
Package: kvdefinekeys 2019-12-19 v1.6 Define keys (HO)
)
(/usr/share/texlive/texmf-dist/tex/generic/pdfescape/pdfescape.sty
Package: pdfescape 2019/12/09 v1.15 Implements pdfTeX's escape features (HO)

(/usr/share/texlive/texmf-dist/tex/generic/pdftexcmds/pdftexcmds.sty
Package: pdftexcmds 2020-06-27 v0.33 Utility functions of pdfTeX for LuaTeX (HO
)

(/usr/share/texlive/texmf-dist/tex/generic/infwarerr/infwarerr.sty
Package: infwarerr 2019/12/03 v1.5 Providing info/warning/error messages (HO)
)
Package pdftexcmds Info: \pdf@primitive is available.
Package pdftexcmds Info: \pdf@ifprimitive is available.
Package pdftexcmds Info: \pdfdraftmode not found.
))
(/usr/share/texlive/texmf-dist/tex/latex/hycolor/hycolor.sty
Package: hycolor 2020-01-27 v1.10 Color options for hyperref/bookmark (HO)
)
(/usr/share/texlive/texmf-dist/tex/latex/hyperref/nameref.sty
Package: nameref 2026-01-29 v2.58 Cross-referencing by name of section

(/usr/share/texlive/texmf-dist/tex/latex/refcount/refcount.sty
Package: refcount 2019/12/15 v3.6 Data extraction from label references (HO)
)
(/usr/share/texlive/texmf-dist/tex/generic/gettitlestring/gettitlestring.sty
Package: gettitlestring 2019/12/15 v1.6 Cleanup title references (HO)
)
\c@section@level=\count349
)
(/usr/share/texlive/texmf-dist/tex/generic/stringenc/stringenc.sty
Package: stringenc 2019/11/29 v1.12 Convert strings between diff. encodings (HO
)
)
\@linkdim=\dimen196
\Hy@linkcounter=\count350
\Hy@pagecounter=\count351

(/usr/share/texlive/texmf-dist/tex/latex/hyperref/pd1enc.def
File: pd1enc.def 2026-04-24 v7.01q Hyperref: PDFDocEncoding definition (HO)
)
(/usr/share/texlive/texmf-dist/tex/generic/intcalc/intcalc.sty
Package: intcalc 2019/12/15 v1.3 Expandable calculations with integers (HO)
)
\Hy@SavedSpaceFactor=\count352

(/usr/share/texlive/texmf-dist/tex/latex/hyperref/puenc.def
File: puenc.def 2026-04-24 v7.01q Hyperref: PDF Unicode definition (HO)
)
Package hyperref Info: Option `unicode' set `true' on input line 4070.
Package hyperref Info: Hyper figures OFF on input line 4199.
Package hyperref Info: Link nesting OFF on input line 4204.
Package hyperref Info: Hyper index ON on input line 4207.
Package hyperref Info: Plain pages OFF on input line 4214.
Package hyperref Info: Backreferencing OFF on input line 4219.
Package hyperref Info: Implicit mode ON; LaTeX internals redefined.
Package hyperref Info: Bookmarks ON on input line 4466.
\c@Hy@tempcnt=\count353

(/usr/share/texlive/texmf-dist/tex/latex/url/url.sty
\Urlmuskip=\muskip19
Package: url 2013/09/16  ver 3.4  Verb mode for urls, etc.
)
LaTeX Info: Redefining \url on input line 4805.
\XeTeXLinkMargin=\dimen197

(/usr/share/texlive/texmf-dist/tex/generic/bitset/bitset.sty
Package: bitset 2019/12/09 v1.3 Handle bit-vector datatype (HO)

(/usr/share/texlive/texmf-dist/tex/generic/bigintcalc/bigintcalc.sty
Package: bigintcalc 2019/12/15 v1.5 Expandable calculations on big integers (HO
)
))
\Fld@menulength=\count354
\Field@Width=\dimen198
\Fld@charsize=\dimen199
Package hyperref Info: Hyper figures OFF on input line 6091.
Package hyperref Info: Link nesting OFF on input line 6096.
Package hyperref Info: Hyper index ON on input line 6099.
Package hyperref Info: backreferencing OFF on input line 6106.
Package hyperref Info: Link coloring OFF on input line 6111.
Package hyperref Info: Link coloring with OCG OFF on input line 6116.
Package hyperref Info: PDF/A mode OFF on input line 6121.
\Hy@abspage=\count355
\c@Item=\count356
\c@Hfootnote=\count357
)
Package hyperref Info: Driver (autodetected): hxetex.

(/usr/share/texlive/texmf-dist/tex/latex/hyperref/hxetex.def
File: hxetex.def 2026-04-24 v7.01q Hyperref driver for XeTeX
\pdfm@box=\box72
\c@Hy@AnnotLevel=\count358
\HyField@AnnotCount=\count359
\Fld@listcount=\count360
\c@bookmark@seq@number=\count361

(/usr/share/texlive/texmf-dist/tex/latex/rerunfilecheck/rerunfilecheck.sty
Package: rerunfilecheck 2025-06-21 v1.11 Rerun checks for auxiliary files (HO)

(/usr/share/texlive/texmf-dist/tex/generic/uniquecounter/uniquecounter.sty
Package: uniquecounter 2019/12/15 v1.4 Provide unlimited unique counter (HO)
)
Package uniquecounter Info: New unique counter `rerunfilecheck' on input line 2
84.
)
\Hy@SectionHShift=\skip65
)
(/usr/share/texlive/texmf-dist/tex/latex/bookmark/bkm-dvipdfm.def
File: bkm-dvipdfm.def 2023-12-10 v1.31 bookmark driver for dvipdfm (HO)
\BKM@id=\count362
))
(/usr/share/texlive/texmf-dist/tex/latex/xurl/xurl.sty
Package: xurl 2022/01/09 v 0.10 modify URL breaks
) (build/book.aux)
\openout1 = `book.aux'.

LaTeX Font Info:    Checking defaults for OML/cmm/m/it on input line 108.
LaTeX Font Info:    ... okay on input line 108.
LaTeX Font Info:    Checking defaults for OMS/cmsy/m/n on input line 108.
LaTeX Font Info:    ... okay on input line 108.
LaTeX Font Info:    Checking defaults for OT1/cmr/m/n on input line 108.
LaTeX Font Info:    ... okay on input line 108.
LaTeX Font Info:    Checking defaults for T1/cmr/m/n on input line 108.
LaTeX Font Info:    ... okay on input line 108.
LaTeX Font Info:    Checking defaults for TS1/cmr/m/n on input line 108.
LaTeX Font Info:    ... okay on input line 108.
LaTeX Font Info:    Checking defaults for TU/lmr/m/n on input line 108.
LaTeX Font Info:    ... okay on input line 108.
LaTeX Font Info:    Checking defaults for OMX/cmex/m/n on input line 108.
LaTeX Font Info:    ... okay on input line 108.
LaTeX Font Info:    Checking defaults for U/cmr/m/n on input line 108.
LaTeX Font Info:    ... okay on input line 108.
LaTeX Font Info:    Checking defaults for PD1/pdf/m/n on input line 108.
LaTeX Font Info:    ... okay on input line 108.
LaTeX Font Info:    Checking defaults for PU/pdf/m/n on input line 108.
LaTeX Font Info:    ... okay on input line 108.
LaTeX Font Info:    Overwriting math alphabet `\mathrm' in version `normal'
(Font)                  OT1/lmr/m/n --> TU/lmr/m/n on input line 108.
LaTeX Font Info:    Overwriting math alphabet `\mathit' in version `normal'
(Font)                  OT1/lmr/m/it --> TU/lmr/m/it on input line 108.
LaTeX Font Info:    Overwriting math alphabet `\mathbf' in version `normal'
(Font)                  OT1/lmr/bx/n --> TU/lmr/bx/n on input line 108.
LaTeX Font Info:    Overwriting math alphabet `\mathsf' in version `normal'
(Font)                  OT1/lmss/m/n --> TU/lmss/m/n on input line 108.
LaTeX Font Info:    Overwriting math alphabet `\mathsf' in version `bold'
(Font)                  OT1/lmss/bx/n --> TU/lmss/bx/n on input line 108.
LaTeX Font Info:    Overwriting math alphabet `\mathtt' in version `normal'
(Font)                  OT1/lmtt/m/n --> TU/lmtt/m/n on input line 108.
LaTeX Font Info:    Overwriting math alphabet `\mathtt' in version `bold'
(Font)                  OT1/lmtt/m/n --> TU/lmtt/bx/n on input line 108.

Package fontspec Info: 
(fontspec)             latinmodern-math scale = 0.9999964596882403.


Package fontspec Info: 
(fontspec)             latinmodern-math scale = 0.9999964596882403.


Package fontspec Info: 
(fontspec)             latinmodern-math scale = 0.9999964596882403.


Package fontspec Info: 
(fontspec)             Font family 'latinmodern-math.otf(0)' created for font
(fontspec)             'latinmodern-math.otf' with options
(fontspec)             [Scale=MatchLowercase,BoldItalicFont={},ItalicFont={},Sm
allCapsFont={},Script=Math,BoldFont={latinmodern-math.otf}].
(fontspec)              
(fontspec)              This font family consists of the following NFSS
(fontspec)             series/shapes:
(fontspec)              
(fontspec)             - 'normal' (m/n) with NFSS spec.:
(fontspec)             <->s*[0.9999964596882403]"[latinmodern-math.otf]/OT:scri
pt=math;language=dflt;"
(fontspec)             - 'bold' (b/n) with NFSS spec.:
(fontspec)             <->s*[0.9999964596882403]"[latinmodern-math.otf]/OT:scri
pt=math;language=dflt;"

LaTeX Font Info:    Font shape `TU/latinmodern-math.otf(0)/m/n' will be
(Font)              scaled to size 10.0pt on input line 108.

Package fontspec Info: 
(fontspec)             latinmodern-math scale = 0.9999964596882403.


Package fontspec Info: 
(fontspec)             latinmodern-math scale = 0.9999964596882403.


Package fontspec Info: 
(fontspec)             latinmodern-math scale = 0.9999964596882403.


Package fontspec Info: 
(fontspec)             latinmodern-math scale = 0.9999964596882403.


Package fontspec Info: 
(fontspec)             latinmodern-math scale = 0.9999964596882403.


Package fontspec Info: 
(fontspec)             Font family 'latinmodern-math.otf(1)' created for font
(fontspec)             'latinmodern-math.otf' with options
(fontspec)             [Scale=MatchLowercase,BoldItalicFont={},ItalicFont={},Sm
allCapsFont={},Script=Math,SizeFeatures={{Size=8.5-},{Size=6-8.5,Font=latinmode
rn-math.otf,Style=MathScript},{Size=-6,Font=latinmodern-math.otf,Style=MathScri
ptScript}},BoldFont={latinmodern-math.otf}].
(fontspec)              
(fontspec)              This font family consists of the following NFSS
(fontspec)             series/shapes:
(fontspec)              
(fontspec)             - 'normal' (m/n) with NFSS spec.:
(fontspec)             <8.5->s*[0.9999964596882403]"[latinmodern-math.otf]/OT:s
cript=math;language=dflt;"<6-8.5>s*[0.9999964596882403]"[latinmodern-math.otf]/
OT:script=math;language=dflt;+ssty=0;"<-6>s*[0.9999964596882403]"[latinmodern-m
ath.otf]/OT:script=math;language=dflt;+ssty=1;"
(fontspec)             - 'bold' (b/n) with NFSS spec.:
(fontspec)             <->s*[0.9999964596882403]"[latinmodern-math.otf]/OT:scri
pt=math;language=dflt;"

LaTeX Font Info:    Font shape `TU/latinmodern-math.otf(1)/m/n' will be
(Font)              scaled to size 10.0pt on input line 108.
LaTeX Font Info:    Encoding `OT1' has changed to `TU' for symbol font
(Font)              `operators' in the math version `normal' on input line 108.

LaTeX Font Info:    Overwriting symbol font `operators' in version `normal'
(Font)                  OT1/lmr/m/n --> TU/latinmodern-math.otf(1)/m/n on input
 line 108.
LaTeX Font Info:    Encoding `OT1' has changed to `TU' for symbol font
(Font)              `operators' in the math version `bold' on input line 108.
LaTeX Font Info:    Overwriting symbol font `operators' in version `bold'
(Font)                  OT1/lmr/bx/n --> TU/latinmodern-math.otf(1)/b/n on inpu
t line 108.

Package fontspec Info: 
(fontspec)             latinmodern-math scale = 0.9999964596882403.


Package fontspec Info: 
(fontspec)             latinmodern-math scale = 1.000096459334209.


Package fontspec Info: 
(fontspec)             latinmodern-math scale = 0.9999964596882403.


Package fontspec Info: 
(fontspec)             latinmodern-math scale = 1.000096459334209.


Package fontspec Info: 
(fontspec)             latinmodern-math scale = 0.9999964596882403.


Package fontspec Info: 
(fontspec)             latinmodern-math scale = 1.000096459334209.


Package fontspec Info: 
(fontspec)             latinmodern-math scale = 0.9999964596882403.


Package fontspec Info: 
(fontspec)             latinmodern-math scale = 1.000096459334209.


Package fontspec Info: 
(fontspec)             latinmodern-math scale = 0.9999964596882403.


Package fontspec Info: 
(fontspec)             latinmodern-math scale = 1.000096459334209.


Package fontspec Info: 
(fontspec)             Font family 'latinmodern-math.otf(2)' created for font
(fontspec)             'latinmodern-math.otf' with options
(fontspec)             [Scale=MatchLowercase,BoldItalicFont={},ItalicFont={},Sm
allCapsFont={},Script=Math,SizeFeatures={{Size=8.5-},{Size=6-8.5,Font=latinmode
rn-math.otf,Style=MathScript},{Size=-6,Font=latinmodern-math.otf,Style=MathScri
ptScript}},BoldFont={latinmodern-math.otf},ScaleAgain=1.0001,FontAdjustment={\f
ontdimen
(fontspec)             8\font =6.77pt\relax \fontdimen 9\font =3.94pt\relax
(fontspec)             \fontdimen 10\font =4.44pt\relax \fontdimen 11\font
(fontspec)             =6.86pt\relax \fontdimen 12\font =3.45pt\relax
(fontspec)             \fontdimen 13\font =3.63pt\relax \fontdimen 14\font
(fontspec)             =3.63pt\relax \fontdimen 15\font =2.89pt\relax
(fontspec)             \fontdimen 16\font =2.47pt\relax \fontdimen 17\font
(fontspec)             =2.47pt\relax \fontdimen 18\font =2.5pt\relax
(fontspec)             \fontdimen 19\font =2.0pt\relax \fontdimen 22\font
(fontspec)             =2.5pt\relax \fontdimen 20\font =0pt\relax \fontdimen
(fontspec)             21\font =0pt\relax }].
(fontspec)              
(fontspec)              This font family consists of the following NFSS
(fontspec)             series/shapes:
(fontspec)              
(fontspec)             - 'normal' (m/n) with NFSS spec.:
(fontspec)             <8.5->s*[1.000096459334209]"[latinmodern-math.otf]/OT:sc
ript=math;language=dflt;"<6-8.5>s*[1.000096459334209]"[latinmodern-math.otf]/OT
:script=math;language=dflt;+ssty=0;"<-6>s*[1.000096459334209]"[latinmodern-math
.otf]/OT:script=math;language=dflt;+ssty=1;"
(fontspec)             - 'bold' (b/n) with NFSS spec.:
(fontspec)             <->s*[1.000096459334209]"[latinmodern-math.otf]/OT:scrip
t=math;language=dflt;"

LaTeX Font Info:    Encoding `OMS' has changed to `TU' for symbol font
(Font)              `symbols' in the math version `normal' on input line 108.
LaTeX Font Info:    Overwriting symbol font `symbols' in version `normal'
(Font)                  OMS/lmsy/m/n --> TU/latinmodern-math.otf(2)/m/n on inpu
t line 108.
LaTeX Font Info:    Encoding `OMS' has changed to `TU' for symbol font
(Font)              `symbols' in the math version `bold' on input line 108.
LaTeX Font Info:    Overwriting symbol font `symbols' in version `bold'
(Font)                  OMS/lmsy/b/n --> TU/latinmodern-math.otf(2)/b/n on inpu
t line 108.

Package fontspec Info: 
(fontspec)             latinmodern-math scale = 0.9999964596882403.


Package fontspec Info: 
(fontspec)             latinmodern-math scale = 0.9998964600422715.


Package fontspec Info: 
(fontspec)             latinmodern-math scale = 0.9999964596882403.


Package fontspec Info: 
(fontspec)             latinmodern-math scale = 0.9998964600422715.


Package fontspec Info: 
(fontspec)             latinmodern-math scale = 0.9999964596882403.


Package fontspec Info: 
(fontspec)             latinmodern-math scale = 0.9998964600422715.


Package fontspec Info: 
(fontspec)             latinmodern-math scale = 0.9999964596882403.


Package fontspec Info: 
(fontspec)             latinmodern-math scale = 0.9998964600422715.


Package fontspec Info: 
(fontspec)             latinmodern-math scale = 0.9999964596882403.


Package fontspec Info: 
(fontspec)             latinmodern-math scale = 0.9998964600422715.


Package fontspec Info: 
(fontspec)             Font family 'latinmodern-math.otf(3)' created for font
(fontspec)             'latinmodern-math.otf' with options
(fontspec)             [Scale=MatchLowercase,BoldItalicFont={},ItalicFont={},Sm
allCapsFont={},Script=Math,SizeFeatures={{Size=8.5-},{Size=6-8.5,Font=latinmode
rn-math.otf,Style=MathScript},{Size=-6,Font=latinmodern-math.otf,Style=MathScri
ptScript}},BoldFont={latinmodern-math.otf},ScaleAgain=0.9999,FontAdjustment={\f
ontdimen
(fontspec)             8\font =0.4pt\relax \fontdimen 9\font =2.0pt\relax
(fontspec)             \fontdimen 10\font =1.67pt\relax \fontdimen 11\font
(fontspec)             =1.11pt\relax \fontdimen 12\font =6.0pt\relax
(fontspec)             \fontdimen 13\font =0pt\relax }].
(fontspec)              
(fontspec)              This font family consists of the following NFSS
(fontspec)             series/shapes:
(fontspec)              
(fontspec)             - 'normal' (m/n) with NFSS spec.:
(fontspec)             <8.5->s*[0.9998964600422715]"[latinmodern-math.otf]/OT:s
cript=math;language=dflt;"<6-8.5>s*[0.9998964600422715]"[latinmodern-math.otf]/
OT:script=math;language=dflt;+ssty=0;"<-6>s*[0.9998964600422715]"[latinmodern-m
ath.otf]/OT:script=math;language=dflt;+ssty=1;"
(fontspec)             - 'bold' (b/n) with NFSS spec.:
(fontspec)             <->s*[0.9998964600422715]"[latinmodern-math.otf]/OT:scri
pt=math;language=dflt;"

LaTeX Font Info:    Encoding `OMX' has changed to `TU' for symbol font
(Font)              `largesymbols' in the math version `normal' on input line 1
08.
LaTeX Font Info:    Overwriting symbol font `largesymbols' in version `normal'
(Font)                  OMX/lmex/m/n --> TU/latinmodern-math.otf(3)/m/n on inpu
t line 108.
LaTeX Font Info:    Encoding `OMX' has changed to `TU' for symbol font
(Font)              `largesymbols' in the math version `bold' on input line 108
.
LaTeX Font Info:    Overwriting symbol font `largesymbols' in version `bold'
(Font)                  OMX/lmex/m/n --> TU/latinmodern-math.otf(3)/b/n on inpu
t line 108.
LaTeX Info: Redefining \microtypecontext on input line 108.
Package microtype Info: Applying patch `item' on input line 108.
Package microtype Info: Applying patch `toc' on input line 108.
Package microtype Info: Applying patch `eqnum' on input line 108.


Package microtype Warning: Unable to apply patch `footnote' on input line 108.

Package microtype Info: Applying patch `verbatim' on input line 108.
LaTeX Info: Redefining \microtypesetup on input line 108.
Package microtype Info: Character protrusion enabled (level 2).
Package microtype Info: Using protrusion set `basicmath'.
Package microtype Info: No adjustment of tracking.
Package microtype Info: No adjustment of spacing.
Package microtype Info: No adjustment of kerning.
(/usr/share/texlive/texmf-dist/tex/latex/microtype/mt-LatinModernRoman.cfg
File: mt-LatinModernRoman.cfg 2026/02/26 v1.2 microtype config. file: Latin Mod
ern Roman (RS)
)
Package hyperref Info: Link coloring OFF on input line 108.
LaTeX Font Info:    Font shape `TU/latinmodern-math.otf(1)/m/n' will be
(Font)              scaled to size 12.0pt on input line 111.
LaTeX Font Info:    Font shape `TU/latinmodern-math.otf(1)/m/n' will be
(Font)              scaled to size 8.0pt on input line 111.
LaTeX Font Info:    Font shape `TU/latinmodern-math.otf(1)/m/n' will be
(Font)              scaled to size 6.0pt on input line 111.
LaTeX Font Info:    Trying to load font information for OML+lmm on input line 1
11.

(/usr/share/texlive/texmf-dist/tex/latex/lm/omllmm.fd
File: omllmm.fd 2015/05/01 v1.6.1 Font defs for Latin Modern
)
LaTeX Font Info:    Font shape `TU/latinmodern-math.otf(2)/m/n' will be
(Font)              scaled to size 12.0011pt on input line 111.
LaTeX Font Info:    Font shape `TU/latinmodern-math.otf(2)/m/n' will be
(Font)              scaled to size 8.00073pt on input line 111.
LaTeX Font Info:    Font shape `TU/latinmodern-math.otf(2)/m/n' will be
(Font)              scaled to size 6.00055pt on input line 111.
LaTeX Font Info:    Font shape `TU/latinmodern-math.otf(3)/m/n' will be
(Font)              scaled to size 11.99872pt on input line 111.
LaTeX Font Info:    Font shape `TU/latinmodern-math.otf(3)/m/n' will be
(Font)              scaled to size 7.99915pt on input line 111.
LaTeX Font Info:    Font shape `TU/latinmodern-math.otf(3)/m/n' will be
(Font)              scaled to size 5.99936pt on input line 111.
LaTeX Font Info:    Trying to load font information for U+msa on input line 111
.

(/usr/share/texlive/texmf-dist/tex/latex/amsfonts/umsa.fd
File: umsa.fd 2013/01/14 v3.01 AMS symbols A
)
(/usr/share/texlive/texmf-dist/tex/latex/microtype/mt-msa.cfg
File: mt-msa.cfg 2006/02/04 v1.1 microtype config. file: AMS symbols (a) (RS)
)
LaTeX Font Info:    Trying to load font information for U+msb on input line 111
.

(/usr/share/texlive/texmf-dist/tex/latex/amsfonts/umsb.fd
File: umsb.fd 2013/01/14 v3.01 AMS symbols B
)
(/usr/share/texlive/texmf-dist/tex/latex/microtype/mt-msb.cfg
File: mt-msb.cfg 2005/06/01 v1.0 microtype config. file: AMS symbols (b) (RS)
) [1



] [2

]
(build/book.toc
LaTeX Font Info:    Font shape `TU/latinmodern-math.otf(1)/m/n' will be
(Font)              scaled to size 7.0pt on input line 3.
LaTeX Font Info:    Font shape `TU/latinmodern-math.otf(1)/m/n' will be
(Font)              scaled to size 5.0pt on input line 3.
LaTeX Font Info:    Font shape `TU/latinmodern-math.otf(2)/m/n' will be
(Font)              scaled to size 10.00092pt on input line 3.
LaTeX Font Info:    Font shape `TU/latinmodern-math.otf(2)/m/n' will be
(Font)              scaled to size 7.00064pt on input line 3.
LaTeX Font Info:    Font shape `TU/latinmodern-math.otf(2)/m/n' will be
(Font)              scaled to size 5.00046pt on input line 3.
LaTeX Font Info:    Font shape `TU/latinmodern-math.otf(3)/m/n' will be
(Font)              scaled to size 9.99893pt on input line 3.
LaTeX Font Info:    Font shape `TU/latinmodern-math.otf(3)/m/n' will be
(Font)              scaled to size 6.99925pt on input line 3.
LaTeX Font Info:    Font shape `TU/latinmodern-math.otf(3)/m/n' will be
(Font)              scaled to size 4.99947pt on input line 3.
 [3] [4] [5] [6] [7])
\tf@toc=\write4
\openout4 = `book.toc'.

 [8] (./tex/foreword.tex [1


])
(./tex/ch00-preface.tex [2]
Underfull \vbox (badness 2452) has occurred while \output is active []


Underfull \vbox (badness 2452) has occurred while \output is active []

 [3

]
[4]

Package hyperref Warning: Suppressing empty link on input line 129.


Package hyperref Warning: Suppressing empty link on input line 130.

[5]

Package hyperref Warning: Suppressing empty link on input line 175.

[6]

Package hyperref Warning: Suppressing empty link on input line 237.

File: images/svn-arch-diagram.png Graphic file (type bmp)
<images/svn-arch-diagram.png>

Overfull \hbox (16.35286pt too wide) in paragraph at lines 249--251
 [][] 
 []

[7] [8]

Package hyperref Warning: Suppressing empty link on input line 310.

[9]
Underfull \hbox (badness 1048) in paragraph at lines 338--343
[]\TU/lmr/m/n/10 Release 1.4 introduced a whole new
 []

[10] [11] [12]
Underfull \hbox (badness 3029) in paragraph at lines 544--546
[]\TU/lmr/m/n/10 Describes the details of WebDAV and
 []

[13]

Package hyperref Warning: Suppressing empty link on input line 575.

[14]) [15] [16

] [17] [18] (./tex/ch01-fundamental-concepts.tex
File: images/ch02dia1.png Graphic file (type bmp)
<images/ch02dia1.png>
 [19

] [20]
File: images/ch02dia2.png Graphic file (type bmp)
<images/ch02dia2.png>
File: images/ch02dia3.png Graphic file (type bmp)
<images/ch02dia3.png>

[21] [22] [23]
File: images/ch02dia4.png Graphic file (type bmp)
<images/ch02dia4.png>
File: images/ch02dia5.png Graphic file (type bmp)
<images/ch02dia5.png>
 [24] [25] [26] [27]
File: images/ch02dia7.png Graphic file (type bmp)
<images/ch02dia7.png>
 [28] [29]
Underfull \hbox (badness 1028) in paragraph at lines 456--465
\TU/lmtt/m/n/10 space/project/españa \TU/lmr/m/n/10 — which contains both space
s and upper-ASCII
 []


Underfull \hbox (badness 3701) in paragraph at lines 456--465
\TU/lmr/m/n/10 provided \TU/lmtt/m/n/10 http://host/path%20with%20space/project
/espa%C3%B1a\TU/lmr/m/n/10 . If
 []

[30] [31] [32]
File: images/ch02dia6.png Graphic file (type bmp)
<images/ch02dia6.png>
 [33] [34] [35] [36]) (./tex/ch02-basic-usage.tex [37] [38

]
Underfull \vbox (badness 2418) has occurred while \output is active []


Underfull \vbox (badness 2418) has occurred while \output is active []

 [39]
[40] [41] [42]
Underfull \vbox (badness 2310) has occurred while \output is active []


Underfull \vbox (badness 2310) has occurred while \output is active []

 [43]
[44] [45] [46]
LaTeX Font Info:    Font shape `TU/lmtt/bx/n' in size <10> not available
(Font)              Font shape `TU/lmtt/b/n' tried instead on input line 498.
 [47] [48] [49] [50] [51] [52] [53] [54] [55] [56] [57] [58]
[59] [60] [61] [62] [63] [64] [65] [66] [67] [68] [69] [70] [71] [72] [73]
[74] [75] [76] [77] [78]) (./tex/ch03-advanced-topics.tex [79] [80

] [81]
[82] [83] [84] [85] [86] [87] [88] [89] [90] [91] [92] [93] [94] [95] [96]
Underfull \hbox (badness 1112) in paragraph at lines 967--971
[]\TU/lmr/m/n/10 To resolve property conflicts, simply ensure that the conflict
ing proper-
 []


Underfull \hbox (badness 1694) in paragraph at lines 995--1006
\TU/lmr/m/n/10 changes to Subversion[]s special \TU/lmtt/m/n/10 svn:mergeinfo \
TU/lmr/m/n/10 property—used to track
 []

[97] [98] [99]
Underfull \hbox (badness 1215) in paragraph at lines 1158--1162
[][][]\TU/lmr/m/n/8 The one noteable exception to this being the \TU/lmtt/m/n/8
 svn:mergeinfo \TU/lmr/m/n/8 property, which is
 []

[100] [101] [102] [103]
Underfull \hbox (badness 6412) in paragraph at lines 1391--1394
[]\TU/lmr/m/n/10 The file \TU/lmtt/m/n/10 data-binding.cpp \TU/lmr/m/n/10 has o
nly one matching pattern, \TU/lmtt/m/n/10 *.cpp
 []


Underfull \hbox (badness 5893) in paragraph at lines 1391--1394
\TU/lmtt/m/n/10 = svn:eol-style=CR \TU/lmr/m/n/10 in the runtime configuration,
 so obviously the
 []

[104] [105] [106] [107] [108] [109] [110] [111]
Overfull \hbox (10.39203pt too wide) in paragraph at lines 1878--1889
[]\TU/lmr/m/n/10 The Subversion runtime configuration system provides an option
, \TU/lmtt/m/n/10 global-ignores\TU/lmr/m/n/10 ,
 []

[112] [113] [114]
Underfull \hbox (badness 2762) in paragraph at lines 2101--2115
\TU/lmr/m/n/10 by which Subversion can disregard unversioned paths, the inherit
able
 []

[115] [116] [117]
Underfull \hbox (badness 1466) in paragraph at lines 2276--2280
[]\TU/lmr/m/n/10 This keyword describes the full URL to the latest version of
 []


Underfull \hbox (badness 3417) in paragraph at lines 2276--2280
\TU/lmr/m/n/10 the file in the repository, and looks something like \TU/lmtt/m/
n/10 $HeadURL:
 []


Underfull \hbox (badness 2368) in paragraph at lines 2276--2280
\TU/lmtt/m/n/10 http://svn.example.com/repos/trunk/calc.c $\TU/lmr/m/n/10 . It 
may be ab-
 []


Overfull \hbox (6.44pt too wide) in paragraph at lines 2289--2293
\TU/lmr/m/n/10 something like \TU/lmtt/m/n/10 $Header: http://svn.example.com/r
epos/trunk/calc.c
 []

[118] [119] [120] [121] [122] [123] [124] [125] [126] [127] [128]

Package hyperref Warning: Suppressing empty link on input line 2936.

[129] [130] [131] [132]
Underfull \vbox (badness 4752) has occurred while \output is active []


Underfull \vbox (badness 4752) has occurred while \output is active []

 [133]
[134] [135] [136] [137] [138] [139] [140]
Underfull \hbox (badness 1237) in paragraph at lines 3624--3626
[]\TU/lmr/m/n/10 Relative to the scheme of the URL of the directory on which th
e
 []


Underfull \hbox (badness 10000) in paragraph at lines 3630--3633
[]\TU/lmr/m/n/10 Relative to a sibling repository beneath the same
 []

[141] [142] [143] [144] [145] [146] [147] [148] [149] [150]
Overfull \hbox (68.58202pt too wide) in paragraph at lines 4217--4228
[]\TU/lmr/m/n/10 On Windows, the Subversion client stores passwords in the \TU/
lmtt/m/n/10 %APPDATA%/Subversion/auth/
 []

[151] [152]
Underfull \hbox (badness 5832) in paragraph at lines 4348--4361
\TU/lmr/m/n/10 All Subversion command-line operations accept the \TU/lmtt/m/n/1
0 --username \TU/lmr/m/n/10 and
 []

[153] [154] [155] [156] [157] [158]) (./tex/ch04-branching-and-merging.tex
[159] [160]
Missing character: There is no 君 (U+541B) in font [lmroman10-regular]:mapping=t
ex-text;!
Missing character: There is no 子 (U+5B50) in font [lmroman10-regular]:mapping=t
ex-text;!
Missing character: There is no 务 (U+52A1) in font [lmroman10-regular]:mapping=t
ex-text;!
Missing character: There is no 本 (U+672C) in font [lmroman10-regular]:mapping=t
ex-text;!
File: images/ch04dia1.png Graphic file (type bmp)
<images/ch04dia1.png>
[161

]
File: images/ch04dia2.png Graphic file (type bmp)
<images/ch04dia2.png>
 [162] [163] [164]
File: images/ch04dia3.png Graphic file (type bmp)
<images/ch04dia3.png>

Underfull \vbox (badness 2512) has occurred while \output is active []


Underfull \vbox (badness 2512) has occurred while \output is active []

 [165]
[166]
Overfull \hbox (1.47pt too wide) in paragraph at lines 257--261
[]\TU/lmr/m/n/10 You make a change to \TU/lmtt/m/n/10 /calc/branches/my-calc-br
anch/src/integer.c\TU/lmr/m/n/10 ,
 []

File: images/basic-branch.png Graphic file (type bmp)
<images/basic-branch.png>

Overfull \hbox (2.62752pt too wide) in paragraph at lines 271--273
 [][] 
 []

[167]
Underfull \vbox (badness 1694) has occurred while \output is active []


Underfull \vbox (badness 1694) has occurred while \output is active []

 [168]
Underfull \vbox (badness 1681) has occurred while \output is active []


Underfull \vbox (badness 1681) has occurred while \output is active []

 [169]
[170] [171] [172] [173] [174] [175] [176]
Underfull \vbox (badness 1558) has occurred while \output is active []


Underfull \vbox (badness 1558) has occurred while \output is active []

 [177]
[178] [179]

Package hyperref Warning: Suppressing empty link on input line 1031.

[180] [181]
Underfull \hbox (badness 1675) in paragraph at lines 1157--1168
\TU/lmr/m/n/10 to \TU/lmtt/m/n/10 /calc/branches/my-calc-branch\TU/lmr/m/n/10 ,
 only the revisions listed with the
 []

[182] [183] [184] [185] [186] [187] [188]
Underfull \vbox (badness 3240) has occurred while \output is active []


Underfull \vbox (badness 3240) has occurred while \output is active []

 [189]
[190]
Underfull \hbox (badness 1769) in paragraph at lines 1653--1664
[]\TU/lmr/m/n/10 You can now go through the usual testing procedures before com
mit-
 []


Underfull \hbox (badness 1902) in paragraph at lines 1653--1664
\TU/lmr/m/n/10 ting this change to your branch. After the commit, Subversion up
-
 []


Underfull \hbox (badness 2197) in paragraph at lines 1653--1664
\TU/lmr/m/n/10 merged to the branch. This prevents future automatic sync merges

 []


Underfull \hbox (badness 3536) in paragraph at lines 1653--1664
\TU/lmr/m/n/10 from attempting to merge r413 again. (Merging the same change
 []


Underfull \hbox (badness 1264) in paragraph at lines 1653--1664
\TU/lmr/m/n/10 to the same branch almost always results in a conflict!) Notice 
also
 []


Underfull \hbox (badness 7273) in paragraph at lines 1653--1664
\TU/lmr/m/n/10 the mergeinfo \TU/lmtt/m/n/10 /calc/branches/my-calc-branch:341-
379\TU/lmr/m/n/10 . This was
 []


Underfull \hbox (badness 1189) in paragraph at lines 1653--1664
\TU/lmr/m/n/10 recorded during the earlier reintegrate merge to \TU/lmtt/m/n/10
 /calc/trunk \TU/lmr/m/n/10 from the
 []

[191] [192] [193]
Overfull \hbox (39.49pt too wide) in paragraph at lines 1867--1872
\TU/lmr/m/n/10 such as \TU/lmtt/m/n/10 svn merge -r 100:200 http://svn.foreignp
roject.com/repos/trunk\TU/lmr/m/n/10 ,
 []


Underfull \hbox (badness 10000) in paragraph at lines 1881--1894
[]\TU/lmr/m/n/10 Earlier in
 []

[194] [195] [196]
Underfull \vbox (badness 3525) has occurred while \output is active []


Underfull \vbox (badness 3525) has occurred while \output is active []

 [197]
[198]
Overfull \hbox (57.81001pt too wide) in paragraph at lines 2148--2156
\TU/lmr/m/n/10 since someone could merge r462:464 directly from \TU/lmtt/m/n/10
 /paint/branches/paint-python-wrapper\TU/lmr/m/n/10 .
 []

[199] [200] [201] [202] [203] [204] [205] [206]

Package hyperref Warning: Suppressing empty link on input line 2642.

[207] [208] [209] [210] [211] [212] [213]
Underfull \vbox (badness 1803) has occurred while \output is active []


Underfull \vbox (badness 1803) has occurred while \output is active []

 [214]
Underfull \hbox (badness 2452) in paragraph at lines 3153--3157
[]\TU/lmr/m/it/10 The branch is tagged and released. \TU/lmr/m/n/10 When testin
g is complete,
 []


Underfull \hbox (badness 1394) in paragraph at lines 3153--3157
\TU/lmtt/m/n/10 /branches/1.0 \TU/lmr/m/n/10 is copied to \TU/lmtt/m/n/10 /tags
/1.0.0 \TU/lmr/m/n/10 as a reference snapshot.
 []


Underfull \hbox (badness 1354) in paragraph at lines 3157--3163
\TU/lmr/m/n/10 for version 2.0, bug fixes continue to be ported from \TU/lmtt/m
/n/10 /trunk \TU/lmr/m/n/10 to
 []

[215] [216] [217]
Underfull \vbox (badness 10000) has occurred while \output is active []


Underfull \vbox (badness 10000) has occurred while \output is active []

 [218]
[219] [220] [221] [222] [223]
Underfull \hbox (badness 10000) in paragraph at lines 3680--3683
[][][]\TU/lmr/m/n/8 Here[]s a hint, though: \TU/lmtt/m/n/8 svn add --force /pat
h/to/working-copy --no-ignore
 []


Underfull \vbox (badness 2452) has occurred while \output is active []


Underfull \vbox (badness 2452) has occurred while \output is active []

 [224]
[225] [226]
Underfull \vbox (badness 10000) has occurred while \output is active []


Underfull \vbox (badness 10000) has occurred while \output is active []

 [227])
(./tex/ch05-repository-admin.tex [228] [229

] [230] [231] [232] [233]
Underfull \vbox (badness 1681) has occurred while \output is active []


Underfull \vbox (badness 1681) has occurred while \output is active []

 [234]
[235]
Underfull \vbox (badness 4454) has occurred while \output is active []


Underfull \vbox (badness 4454) has occurred while \output is active []

 [236]
[237] [238] [239]
Underfull \hbox (badness 3792) in paragraph at lines 686--690
[]\TU/lmr/m/n/10 Carries the Subversion library version
 []

[240] [241] [242] [243] [244] [245] [246]
Underfull \vbox (badness 5050) has occurred while \output is active []


Underfull \vbox (badness 5050) has occurred while \output is active []

 [247]
[248]
Underfull \hbox (badness 1442) in paragraph at lines 1211--1215
[]\TU/lmr/m/n/10 A long-abandoned transaction usually represents some sort of f
ailed or
 []


Underfull \hbox (badness 1142) in paragraph at lines 1211--1215
\TU/lmr/m/n/10 interrupted commit. A transaction[]s datestamp can provide inter
esting
 []

[249] [250]
Underfull \vbox (badness 2698) has occurred while \output is active []


Underfull \vbox (badness 2698) has occurred while \output is active []

 [251]
[252] [253] [254] [255] [256] [257]
Overfull \hbox (4.93001pt too wide) in paragraph at lines 1776--1779
[]\TU/lmr/m/n/10 If empty revisions are dropped (using the \TU/lmtt/m/n/10 --dr
op-empty-revs
 []

[258] [259] [260] [261] [262] [263] [264] [265] [266] [267] [268] [269]
[270] [271] [272]) (./tex/ch06-server-configuration.tex [273] [274

] [275]
[276] [277] [278] [279] [280] [281] [282] [283] [284] [285] [286] [287]

Package hyperref Warning: Suppressing empty link on input line 837.

[288]
Underfull \hbox (badness 10000) in paragraph at lines 875--884
\TU/lmr/m/n/10 key named \TU/lmtt/m/n/10 [HKEY_LOCAL_MACHINE\SOFTWARE\Carnegie 
Mellon\Project
 []

[289] [290] [291] [292] [293]
Underfull \hbox (badness 1062) in paragraph at lines 1197--1202
[]\TU/lmr/m/n/10 Note that this all must be on one line—truly on one line—since
 SSH
 []

[294] [295]

Package hyperref Warning: Suppressing empty link on input line 1346.

[296]

Package hyperref Warning: Suppressing empty link on input line 1362.


Package hyperref Warning: Suppressing empty link on input line 1364.

[297] [298] [299]

Package hyperref Warning: Suppressing empty link on input line 1599.

[300] [301] [302]

Package hyperref Warning: Suppressing empty link on input line 1749.

[303]

Package hyperref Warning: Suppressing empty link on input line 1815.


Package hyperref Warning: Suppressing empty link on input line 1856.

[304] [305] [306] [307]

Package hyperref Warning: Suppressing empty link on input line 2109.


Package hyperref Warning: Suppressing empty link on input line 2115.

[308] [309]
Overfull \hbox (12.51001pt too wide) in paragraph at lines 2210--2215
\TU/lmr/m/n/10 host basis. If you set the \TU/lmtt/m/n/10 ssl-client-cert-file 
\TU/lmr/m/n/10 and \TU/lmtt/m/n/10 ssl-client-cert-password
 []


Overfull \hbox (0.93001pt too wide) in paragraph at lines 2225--2228
[]\TU/lmr/m/n/10 More security-conscious folk might want to exclude \TU/lmtt/m/
n/10 ssl-client-cert-password
 []

[310] [311] [312]

Package hyperref Warning: Suppressing empty link on input line 2438.


Package hyperref Warning: Suppressing empty link on input line 2438.


Package hyperref Warning: Suppressing empty link on input line 2439.

[313] [314]
Overfull \hbox (10.03891pt too wide) in paragraph at lines 2529--2534
[]\TU/lmr/m/n/10 If a user now points her web browser to the URL \TU/lmtt/m/n/1
0 http://host.example.com/svn/\TU/lmr/m/n/10 ,
 []

[315] [316] [317] [318] [319] [320]

Package hyperref Warning: Suppressing empty link on input line 2880.

[321]
Underfull \vbox (badness 1215) has occurred while \output is active []


Underfull \vbox (badness 1215) has occurred while \output is active []

 [322]
[323] [324] [325]
Underfull \hbox (badness 10000) in paragraph at lines 3215--3226
[]\TU/lmr/m/n/10 Consult <file-path> for
 []


Underfull \hbox (badness 4353) in paragraph at lines 3215--3226
\TU/lmr/m/n/10 access rules describing the permissions for paths in Subversion
 []


Underfull \hbox (badness 3492) in paragraph at lines 3215--3226
\TU/lmr/m/n/10 repository. Unlike \TU/lmtt/m/n/10 AuthzSVNAccessFile\TU/lmr/m/n
/10 , the path specified for
 []


Underfull \hbox (badness 1852) in paragraph at lines 3215--3226
\TU/lmtt/m/n/10 AuthzSVNReposRelativeAccessFile \TU/lmr/m/n/10 is relative to t
he \TU/lmtt/m/n/10 conf/ \TU/lmr/m/n/10 direc-
 []

[326] [327] [328] [329] [330] [331] [332]

Package hyperref Warning: Suppressing empty link on input line 3655.

[333] [334] [335]
Overfull \hbox (13.12201pt too wide) in paragraph at lines 3781--3787
[]\TU/lmr/m/n/10 For \TU/lmtt/m/n/10 svnserve\TU/lmr/m/n/10 , you can specify t
he size of the cache using the \TU/lmtt/m/n/10 --memory-cache-size
 []


Underfull \hbox (badness 6461) in paragraph at lines 3797--3802
[]\TU/lmtt/m/n/10 mod_dav_svn \TU/lmr/m/n/10 provides the same degree of cache 
configurability via
 []

[336] [337] [338]) (./tex/ch07-customizing-svn.tex [339] [340

] [341] [342]
Underfull \hbox (badness 1810) in paragraph at lines 102--110
[]\TU/lmr/m/n/10 Subversion looks for system-wide configuration values under th
e \TU/lmtt/m/n/10 HKEY_
 []


Overfull \hbox (164.6pt too wide) in paragraph at lines 102--110
\TU/lmr/m/n/10 would be found at \TU/lmtt/m/n/10 HKEY_LOCAL_MACHINE\Software\Ti
gris.org\Subversion\Config\Miscellany\global-ignores\TU/lmr/m/n/10 .
 []


Underfull \hbox (badness 5077) in paragraph at lines 102--110
\TU/lmr/m/n/10 Per-user configuration values should be stored under \TU/lmtt/m/
n/10 HKEY_CURRENT_
 []

[343]
Underfull \vbox (badness 10000) has occurred while \output is active []


Underfull \vbox (badness 10000) has occurred while \output is active []

 [344]
Underfull \hbox (badness 7344) in paragraph at lines 234--242
\TU/lmtt/m/n/10 kwallet, keychain, gpg-agent, windows-crypto-api\TU/lmr/m/n/10 
, representing
 []

[345]
Underfull \hbox (badness 10000) in paragraph at lines 319--330
\TU/lmtt/m/n/10 *.al .libs *.so *.so.[0-9]* *.a *.pyc *.pyo *.rej *~ #*# .#*
 []

[346] [347]
Underfull \hbox (badness 2435) in paragraph at lines 424--434
\TU/lmr/m/n/10 tomatically set properties on files when they are added or impor
ted.
 []


Underfull \hbox (badness 2894) in paragraph at lines 424--434
\TU/lmr/m/n/10 It contains any number of key-value pairs in the format \TU/lmtt
/m/n/10 PATTERN =
 []


Underfull \hbox (badness 3078) in paragraph at lines 424--434
\TU/lmtt/m/n/10 PROPNAME=VALUE[;PROPNAME=VALUE ...]\TU/lmr/m/n/10 , where <PATT
ERN> is a file
 []

[348] [349] [350] [351]
Underfull \hbox (badness 1102) in paragraph at lines 654--658
[]\TU/lmr/m/n/10 This option controls whether Subversion will
 []

[352] [353] [354] [355] [356] [357] [358] [359] [360])
(./tex/ch08-embedding-svn.tex [361] [362

] [363] [364] [365]
File: images/ch08dia1.png Graphic file (type bmp)
<images/ch08dia1.png>
 [366]
File: images/ch08dia2.png Graphic file (type bmp)
<images/ch08dia2.png>
 [367]
[368] [369] [370] [371]

Package hyperref Warning: Suppressing empty link on input line 466.

[372] [373]
Underfull \hbox (badness 2261) in paragraph at lines 590--599
\TU/lmr/m/n/10 If you are interested in using the Subversion libraries in conju
nction
 []


Underfull \hbox (badness 1867) in paragraph at lines 590--599
\TU/lmr/m/n/10 Generator (SWIG). The SWIG bindings for Subversion are located i
n
 []


Package hyperref Warning: Suppressing empty link on input line 608.


Package hyperref Warning: Suppressing empty link on input line 629.


Package hyperref Warning: Suppressing empty link on input line 634.

[374]

Package hyperref Warning: Suppressing empty link on input line 642.


Package hyperref Warning: Suppressing empty link on input line 657.

[375]
Underfull \vbox (badness 10000) has occurred while \output is active []


Underfull \vbox (badness 10000) has occurred while \output is active []

 [376]
Underfull \vbox (badness 10000) has occurred while \output is active []


Underfull \vbox (badness 10000) has occurred while \output is active []

 [377]
[378] [379]
Underfull \vbox (badness 7595) has occurred while \output is active []


Underfull \vbox (badness 7595) has occurred while \output is active []

 [380]
Underfull \vbox (badness 10000) has occurred while \output is active []


Underfull \vbox (badness 10000) has occurred while \output is active []

 [381])
[382] [383

] [384] (./tex/ref-svn.tex [385

] [386]
Underfull \hbox (badness 2671) in paragraph at lines 161--177
[]\TU/lmr/m/n/10 Sets, for the duration of the com-
 []


Underfull \hbox (badness 3354) in paragraph at lines 161--177
\TU/lmr/m/n/10 mand, the value of a runtime configuration option. <CONF-
 []


Underfull \hbox (badness 3168) in paragraph at lines 161--177
\TU/lmr/m/n/10 pace, name and value that you[]d like to assign, formatted as
 []


Underfull \hbox (badness 10000) in paragraph at lines 161--177
\TU/lmr/m/n/10 <FILE>:<SECTION>:<OPTION>=[<VALUE>]. In this syn-
 []


Underfull \hbox (badness 2401) in paragraph at lines 161--177
\TU/lmr/m/n/10 (either \TU/lmtt/m/n/10 config \TU/lmr/m/n/10 or \TU/lmtt/m/n/10
 servers\TU/lmr/m/n/10 ) and the section thereof, respectively,
 []


Underfull \hbox (badness 1325) in paragraph at lines 161--177
\TU/lmr/m/n/10 use \TU/lmtt/m/n/10 --config-option=servers:global:http-compress
ion=no\TU/lmr/m/n/10 . You
 []

[387]
Underfull \hbox (badness 10000) in paragraph at lines 221--223
[]\TU/lmr/m/n/10 Specifies customizations which Subversion
 []

[388]
Underfull \hbox (badness 1412) in paragraph at lines 279--283
[]\TU/lmr/m/n/10 Enables a special output mode for \TU/lmtt/m/n/10 svn diff \TU
/lmr/m/n/10 designed for cross-
 []

[389]
Underfull \hbox (badness 5652) in paragraph at lines 299--301
[]\TU/lmr/m/n/10 Instructs \TU/lmtt/m/n/10 svn patch \TU/lmr/m/n/10 to ignore w
hitespace when
 []


Underfull \hbox (badness 7704) in paragraph at lines 341--343
[]\TU/lmr/m/n/10 Disables automatic property setting, overriding the
 []

[390]
Underfull \hbox (badness 6047) in paragraph at lines 354--361
[]\TU/lmr/m/n/10 Shows files in the status listing or adds/imports files
 []


Underfull \hbox (badness 2221) in paragraph at lines 354--361
\TU/lmr/m/n/10 that would normally be omitted since they match a pattern in
 []


Underfull \hbox (badness 4096) in paragraph at lines 354--361
\TU/lmr/m/n/10 the \TU/lmtt/m/n/10 global-ignores \TU/lmr/m/n/10 configuration 
option or the \TU/lmtt/m/n/10 svn:ignore \TU/lmr/m/n/10 or
 []

[391]
Underfull \hbox (badness 3482) in paragraph at lines 410--414
[]\TU/lmr/m/n/10 Instructs \TU/lmtt/m/n/10 svn diff \TU/lmr/m/n/10 to produce o
utput compatible
 []

[392] [393]
Underfull \hbox (badness 1824) in paragraph at lines 566--568
[]\TU/lmr/m/n/10 Uses or displays additional information from
 []

[394] [395] [396] [397] [398]
Underfull \vbox (badness 1082) has occurred while \output is active []


Underfull \vbox (badness 1082) has occurred while \output is active []

 [399]
[400] [401] [402] [403] [404] [405] [406] [407] [408] [409]
Underfull \hbox (badness 10000) in paragraph at lines 1498--1499
[]\TU/lmtt/m/n/10 diff [-r N[:M]] --old=OLD-TGT[@OLDREV] [--new=NEW-TGT[@NEWREV
]]
 []


Underfull \hbox (badness 10000) in paragraph at lines 1545--1547
[]\TU/lmtt/m/n/10 svn diff -r N:M URL \TU/lmr/m/n/10 is shorthand for \TU/lmtt/
m/n/10 svn diff -r N:M --old=URL
 []

[410] [411] [412] [413]
Underfull \hbox (badness 2142) in paragraph at lines 1796--1802
[]\TU/lmr/m/n/10 When rolling operating-system-specific release packages, it ca
n be use-
 []

[414] [415] [416] [417] [418] [419] [420] [421] [422] [423] [424] [425]
[426] [427] [428] [429] [430] [431] [432] [433] [434] [435] [436] [437]
[438] [439] [440]
Underfull \hbox (badness 10000) in paragraph at lines 3398--3399
[]\TU/lmtt/m/n/10 svn propset PROPNAME --revprop -r REV [PROPVAL | -F VALFILE]
 []

[441] [442] [443] [444] [445] [446] [447]
Underfull \hbox (badness 1019) in paragraph at lines 3865--3872
\TU/lmr/m/n/10 Print the status of working copy files and directories. With no 
argu-
 []

[448] [449] [450] [451] [452] [453] [454] [455]
Underfull \vbox (badness 4819) has occurred while \output is active []


Underfull \vbox (badness 4819) has occurred while \output is active []

 [456]
[457]) (./tex/ref-svnadmin.tex [458] [459

]
Underfull \hbox (badness 2564) in paragraph at lines 52--55
[]\TU/lmr/m/n/10 When creating a repository, use <ARG> as the
 []


Underfull \hbox (badness 3168) in paragraph at lines 78--81
[]\TU/lmr/m/it/10 Deprecated\TU/lmr/m/n/10 . See option \TU/lmtt/m/n/10 --compa
tible-version\TU/lmr/m/n/10 .
 []


Underfull \hbox (badness 3168) in paragraph at lines 82--85
[]\TU/lmr/m/it/10 Deprecated\TU/lmr/m/n/10 . See option \TU/lmtt/m/n/10 --compa
tible-version\TU/lmr/m/n/10 .
 []


Underfull \hbox (badness 3168) in paragraph at lines 86--90
[]\TU/lmr/m/it/10 Deprecated\TU/lmr/m/n/10 . See option \TU/lmtt/m/n/10 --compa
tible-version\TU/lmr/m/n/10 .
 []


Overfull \hbox (31.01671pt too wide) has occurred while \output is active
\TU/lmr/m/n/10 460 \TU/lmr/m/sl/10 SVNADMIN REFERENCE—SUBVERSION REPOSITORY ADM
INISTRATION
 []

[460] [461]
Overfull \hbox (31.01671pt too wide) has occurred while \output is active
\TU/lmr/m/n/10 462 \TU/lmr/m/sl/10 SVNADMIN REFERENCE—SUBVERSION REPOSITORY ADM
INISTRATION
 []

[462]
Underfull \hbox (badness 10000) in paragraph at lines 235--236
[]\TU/lmtt/m/n/10 svnadmin dump REPOS_PATH [-r LOWER[:UPPER]] [--incremental]
 []

[463]
Overfull \hbox (31.01671pt too wide) has occurred while \output is active
\TU/lmr/m/n/10 464 \TU/lmr/m/sl/10 SVNADMIN REFERENCE—SUBVERSION REPOSITORY ADM
INISTRATION
 []

[464] [465]
Overfull \hbox (31.01671pt too wide) has occurred while \output is active
\TU/lmr/m/n/10 466 \TU/lmr/m/sl/10 SVNADMIN REFERENCE—SUBVERSION REPOSITORY ADM
INISTRATION
 []

[466] [467]
Overfull \hbox (31.01671pt too wide) has occurred while \output is active
\TU/lmr/m/n/10 468 \TU/lmr/m/sl/10 SVNADMIN REFERENCE—SUBVERSION REPOSITORY ADM
INISTRATION
 []

[468] [469]
Overfull \hbox (31.01671pt too wide) has occurred while \output is active
\TU/lmr/m/n/10 470 \TU/lmr/m/sl/10 SVNADMIN REFERENCE—SUBVERSION REPOSITORY ADM
INISTRATION
 []

[470] [471]
Overfull \hbox (31.01671pt too wide) has occurred while \output is active
\TU/lmr/m/n/10 472 \TU/lmr/m/sl/10 SVNADMIN REFERENCE—SUBVERSION REPOSITORY ADM
INISTRATION
 []

[472]
Overfull \hbox (40.26003pt too wide) in paragraph at lines 818--824
\TU/lmr/m/n/10 <FILE>. Use \TU/lmtt/m/n/10 --use-pre-revprop-change-hook \TU/lm
r/m/n/10 or \TU/lmtt/m/n/10 --use-post-revprop-change-hook
 []

[473]
Overfull \hbox (31.01671pt too wide) has occurred while \output is active
\TU/lmr/m/n/10 474 \TU/lmr/m/sl/10 SVNADMIN REFERENCE—SUBVERSION REPOSITORY ADM
INISTRATION
 []

[474] [475]) (./tex/ref-svnlook.tex
Overfull \hbox (31.01671pt too wide) has occurred while \output is active
\TU/lmr/m/n/10 476 \TU/lmr/m/sl/10 SVNADMIN REFERENCE—SUBVERSION REPOSITORY ADM
INISTRATION
 []

[476]
Underfull \hbox (badness 10000) in paragraph at lines 41--43
[]\TU/lmr/m/n/10 Specifies customizations which Subversion
 []

[477

]
Underfull \hbox (badness 1642) in paragraph at lines 74--78
[]\TU/lmr/m/n/10 Prevents \TU/lmtt/m/n/10 svnlook diff \TU/lmr/m/n/10 from prin
ting differences for
 []


Underfull \hbox (badness 10000) in paragraph at lines 96--99
[]\TU/lmr/m/n/10 Works with \TU/lmtt/m/n/10 svnlook propget \TU/lmr/m/n/10 and 
\TU/lmtt/m/n/10 svnlook
 []


Overfull \hbox (8.10674pt too wide) has occurred while \output is active
\TU/lmr/m/n/10 478 \TU/lmr/m/sl/10 SVNLOOK REFERENCE—SUBVERSION REPOSITORY EXAM
INATION
 []

[478] [479]
Overfull \hbox (8.10674pt too wide) has occurred while \output is active
\TU/lmr/m/n/10 480 \TU/lmr/m/sl/10 SVNLOOK REFERENCE—SUBVERSION REPOSITORY EXAM
INATION
 []

[480] [481]
Overfull \hbox (8.10674pt too wide) has occurred while \output is active
\TU/lmr/m/n/10 482 \TU/lmr/m/sl/10 SVNLOOK REFERENCE—SUBVERSION REPOSITORY EXAM
INATION
 []

[482] [483]
Overfull \hbox (8.10674pt too wide) has occurred while \output is active
\TU/lmr/m/n/10 484 \TU/lmr/m/sl/10 SVNLOOK REFERENCE—SUBVERSION REPOSITORY EXAM
INATION
 []

[484]
Overfull \hbox (41.07002pt too wide) in paragraph at lines 458--461
\TU/lmr/m/n/10 The following demonstrates how to display the size of the \TU/lm
tt/m/n/10 trunk/vendors/deli/soda.txt
 []

[485]
Overfull \hbox (8.10674pt too wide) has occurred while \output is active
\TU/lmr/m/n/10 486 \TU/lmr/m/sl/10 SVNLOOK REFERENCE—SUBVERSION REPOSITORY EXAM
INATION
 []

[486] [487]
Overfull \hbox (8.10674pt too wide) has occurred while \output is active
\TU/lmr/m/n/10 488 \TU/lmr/m/sl/10 SVNLOOK REFERENCE—SUBVERSION REPOSITORY EXAM
INATION
 []

[488] [489]
Overfull \hbox (8.10674pt too wide) has occurred while \output is active
\TU/lmr/m/n/10 490 \TU/lmr/m/sl/10 SVNLOOK REFERENCE—SUBVERSION REPOSITORY EXAM
INATION
 []

[490] [491]) (./tex/ref-svnserve.tex
Overfull \hbox (8.10674pt too wide) has occurred while \output is active
\TU/lmr/m/n/10 492 \TU/lmr/m/sl/10 SVNLOOK REFERENCE—SUBVERSION REPOSITORY EXAM
INATION
 []

[492]
Overfull \hbox (3.65201pt too wide) in paragraph at lines 34--37
\TU/lmr/m/n/10 Unlike the previous commands we[]ve described, \TU/lmtt/m/n/10 s
vnserve \TU/lmr/m/n/10 has no subcommands—
 []

[493

]
Underfull \hbox (badness 1019) in paragraph at lines 55--63
\TU/lmr/m/n/10 The password and authorization configurations referenced from fi
le-
 []


Underfull \hbox (badness 1953) in paragraph at lines 106--110
[]\TU/lmr/m/n/10 Causes \TU/lmtt/m/n/10 svnserve \TU/lmr/m/n/10 to write its pr
ocess ID
 []

[494]
Underfull \hbox (badness 1418) in paragraph at lines 117--121
[]\TU/lmr/m/n/10 Sets the virtual root for repositories served by
 []

) (./tex/ref-svnversion.tex [495] [496

] [497]) (./tex/ref-svnsync.tex
Overfull \hbox (39.69452pt too wide) has occurred while \output is active
\TU/lmr/m/n/10 498 \TU/lmr/m/sl/10 SVNVERSION REFERENCE—SUBVERSION WORKING COPY
 VERSION INFO
 []

[498]
Underfull \hbox (badness 2671) in paragraph at lines 43--59
[]\TU/lmr/m/n/10 Sets, for the duration of the com-
 []


Underfull \hbox (badness 3354) in paragraph at lines 43--59
\TU/lmr/m/n/10 mand, the value of a runtime configuration option. <CONF-
 []


Underfull \hbox (badness 3168) in paragraph at lines 43--59
\TU/lmr/m/n/10 pace, name and value that you[]d like to assign, formatted as
 []


Underfull \hbox (badness 10000) in paragraph at lines 43--59
\TU/lmr/m/n/10 <FILE>:<SECTION>:<OPTION>=[<VALUE>]. In this syn-
 []


Underfull \hbox (badness 2401) in paragraph at lines 43--59
\TU/lmr/m/n/10 (either \TU/lmtt/m/n/10 config \TU/lmr/m/n/10 or \TU/lmtt/m/n/10
 servers\TU/lmr/m/n/10 ) and the section thereof, respectively,
 []


Underfull \hbox (badness 1325) in paragraph at lines 43--59
\TU/lmr/m/n/10 use \TU/lmtt/m/n/10 --config-option=servers:global:http-compress
ion=no\TU/lmr/m/n/10 . You
 []

[499

] [500]
Underfull \hbox (badness 1776) in paragraph at lines 109--112
[]\TU/lmr/m/n/10 Specifies the username for the Subversion
 []

[501] [502] [503] [504] [505]) (./tex/ref-svnrdump.tex [506]
Underfull \hbox (badness 1325) in paragraph at lines 26--38
\TU/lmr/m/n/10 use \TU/lmtt/m/n/10 --config-option=servers:global:http-compress
ion=no\TU/lmr/m/n/10 . You
 []

[507

]
Overfull \hbox (80.40454pt too wide) has occurred while \output is active
\TU/lmr/m/n/10 508 \TU/lmr/m/sl/10 SVNRDUMP REFERENCE—REMOTE SUBVERSION REPOSIT
ORY DATA MIGRATION
 []

[508] [509]) (./tex/ref-svndumpfilter.tex
Overfull \hbox (80.40454pt too wide) has occurred while \output is active
\TU/lmr/m/n/10 510 \TU/lmr/m/sl/10 SVNRDUMP REFERENCE—REMOTE SUBVERSION REPOSIT
ORY DATA MIGRATION
 []

[510]
Underfull \hbox (badness 1584) in paragraph at lines 41--46
[]\TU/lmr/m/n/10 Instructs \TU/lmtt/m/n/10 svndumpfilter \TU/lmr/m/n/10 to read
 additional
 []

[511

]
Overfull \hbox (6.36671pt too wide) has occurred while \output is active
\TU/lmr/m/n/10 512 \TU/lmr/m/sl/10 SVNDUMPFILTER REFERENCE—SUBVERSION HISTORY F
ILTERING
 []

[512] [513]
Overfull \hbox (6.36671pt too wide) has occurred while \output is active
\TU/lmr/m/n/10 514 \TU/lmr/m/sl/10 SVNDUMPFILTER REFERENCE—SUBVERSION HISTORY F
ILTERING
 []

[514]) (./tex/ref-svnmucc.tex [515]
Overfull \hbox (6.36671pt too wide) has occurred while \output is active
\TU/lmr/m/n/10 516 \TU/lmr/m/sl/10 SVNDUMPFILTER REFERENCE—SUBVERSION HISTORY F
ILTERING
 []

[516

] [517]
Underfull \hbox (badness 5446) in paragraph at lines 44--46
[]\TU/lmr/m/n/10 Copy the file or directory
 []


Underfull \hbox (badness 1622) in paragraph at lines 72--75
[]\TU/lmr/m/n/10 Set the value of the property
 []


Underfull \hbox (badness 3815) in paragraph at lines 92--109
[]\TU/lmr/m/n/10 Set, for the duration of the com-
 []


Underfull \hbox (badness 3354) in paragraph at lines 92--109
\TU/lmr/m/n/10 mand, the value of a runtime configuration option. <CONF-
 []


Underfull \hbox (badness 3168) in paragraph at lines 92--109
\TU/lmr/m/n/10 pace, name and value that you[]d like to assign, formatted as
 []


Underfull \hbox (badness 10000) in paragraph at lines 92--109
\TU/lmr/m/n/10 <FILE>:<SECTION>:<OPTION>=[<VALUE>]. In this syn-
 []


Underfull \hbox (badness 2401) in paragraph at lines 92--109
\TU/lmr/m/n/10 (either \TU/lmtt/m/n/10 config \TU/lmr/m/n/10 or \TU/lmtt/m/n/10
 servers\TU/lmr/m/n/10 ) and the section thereof, respectively,
 []


Underfull \hbox (badness 1325) in paragraph at lines 92--109
\TU/lmr/m/n/10 use \TU/lmtt/m/n/10 --config-option=servers:global:http-compress
ion=no\TU/lmr/m/n/10 . You
 []


Overfull \hbox (40.72452pt too wide) has occurred while \output is active
\TU/lmr/m/n/10 518 \TU/lmr/m/sl/10 SVNMUCC REFERENCE—SUBVERSION MULTIPLE URL CO
MMAND CLIENT
 []

[518] [519]
Overfull \hbox (40.72452pt too wide) has occurred while \output is active
\TU/lmr/m/n/10 520 \TU/lmr/m/sl/10 SVNMUCC REFERENCE—SUBVERSION MULTIPLE URL CO
MMAND CLIENT
 []

[520]) (./tex/ref-reposhooks.tex [521]
Overfull \hbox (40.72452pt too wide) has occurred while \output is active
\TU/lmr/m/n/10 522 \TU/lmr/m/sl/10 SVNMUCC REFERENCE—SUBVERSION MULTIPLE URL CO
MMAND CLIENT
 []

[522

] [523] [524] [525] [526] [527] [528] [529]) [530] [531

] [532]
(./tex/appa-quickstart.tex

Package hyperref Warning: Suppressing empty link on input line 31.

[533

]

Package hyperref Warning: Suppressing empty link on input line 51.

[534] [535]) (./tex/appb-svn-for-cvs-users.tex [536] [537

] [538] [539] [540]
[541] [542]

Package hyperref Warning: Suppressing empty link on input line 368.

) (./tex/appc-webdav.tex [543] [544

] [545] [546] [547]
Overfull \hbox (4.45pt too wide) in paragraph at lines 204--205
[]|\TU/lmr/m/n/10 Description|  
 []


Overfull \hbox (4.45pt too wide) in paragraph at lines 208--209
[]|\TU/lmr/m/n/10 Description|  
 []


Overfull \hbox (2.85pt too wide) in paragraph at lines 213--213
[]|\TU/lmr/m/n/10 Standalone 
 []


Overfull \hbox (2.85pt too wide) in paragraph at lines 215--215
[]|\TU/lmr/m/n/10 Standalone 
 []


Overfull \hbox (1.16pt too wide) in paragraph at lines 215--217
[]|\TU/lmr/m/n/10 Command- 
 []


Overfull \hbox (2.85pt too wide) in paragraph at lines 217--217
[]|\TU/lmr/m/n/10 Standalone 
 []


Overfull \hbox (13.01pt too wide) in paragraph at lines 219--219
\TU/lmr/m/n/10 Dreamweaver|  
 []


Overfull \hbox (2.85pt too wide) in paragraph at lines 219--219
[]|\TU/lmr/m/n/10 Standalone 
 []


Overfull \hbox (2.85pt too wide) in paragraph at lines 222--222
[]|\TU/lmr/m/n/10 Standalone 
 []

[548] [549] [550] [551]

Package hyperref Warning: Suppressing empty link on input line 277.

[552]

Package hyperref Warning: Suppressing empty link on input line 304.

[553]
Overfull \hbox (59.25pt too wide) in paragraph at lines 382--396
\TU/lmtt/m/n/10 MACHINE\SYSTEM\CurrentControlSet\Services\WebClient\Parameters\
BasicAuthLevel
 []


Package hyperref Warning: Suppressing empty link on input line 405.


Package hyperref Warning: Suppressing empty link on input line 406.


Underfull \vbox (badness 2698) has occurred while \output is active []


Underfull \vbox (badness 2698) has occurred while \output is active []

 [554]

Package hyperref Warning: Suppressing empty link on input line 444.

[555]

Package hyperref Warning: Suppressing empty link on input line 480.

) (./tex/appd-berkeley-db.tex [556] [557

] [558] [559] [560] [561]

Package hyperref Warning: Suppressing empty link on input line 335.

) (./tex/copyright.tex [562] [563] [564

]

Package hyperref Warning: Suppressing empty link on input line 8.

[565]
Underfull \vbox (badness 10000) has occurred while \output is active []


Underfull \vbox (badness 10000) has occurred while \output is active []

 [566]
Underfull \vbox (badness 10000) has occurred while \output is active []


Underfull \vbox (badness 10000) has occurred while \output is active []

 [567]
Underfull \vbox (badness 10000) has occurred while \output is active []


Underfull \vbox (badness 10000) has occurred while \output is active []

 [568]
Underfull \vbox (badness 10000) has occurred while \output is active []


Underfull \vbox (badness 10000) has occurred while \output is active []

 [569])
Underfull \vbox (badness 10000) has occurred while \output is active []


Underfull \vbox (badness 10000) has occurred while \output is active []

 [570]
(build/book.aux)
 ***********
LaTeX2e <2025-11-01>
L3 programming layer <2026-03-20>
 ***********
 ) 
Here is how much of TeX's memory you used:
 21334 strings out of 469972
 403534 string characters out of 5474470
 1044874 words of memory out of 6000000
 49736 multiletter control sequences out of 15000+600000
 634252 words of font info for 103 fonts, out of 8000000 for 9000
 36 hyphenation exceptions out of 8191
 90i,10n,114p,1001b,797s stack positions out of 10000i,1000n,20000p,200000b,200000s

Output written on build/book.pdf (578 pages).
